[I-ADMIN]2021/06/17 - 00:17:15.516	[34minfo[0m	E:/Go-project/ginProject/initialize/gorm.go:21	mysql è¿æ¥æˆåŠŸ	{"dsn": "root:@tcp(127.0.0.1:3306)/gin?charset=utf8&parseTime=true"}
ginProject/initialize.GormMysql
	E:/Go-project/ginProject/initialize/gorm.go:21
main.main
	E:/Go-project/ginProject/main.go:24
runtime.main
	E:/Go/src/runtime/proc.go:225
[I-ADMIN]2021/06/17 - 00:17:15.517	[34minfo[0m	E:/Go-project/ginProject/initialize/redis.go:20	redis è¿æ¥æˆåŠŸ:	{"redisCfg": {"db":0,"addr":"127.0.0.1:6379","password":""}}
ginProject/initialize.Redis
	E:/Go-project/ginProject/initialize/redis.go:20
ginProject/core.RunWindowsServer
	E:/Go-project/ginProject/core/server.go:18
main.main
	E:/Go-project/ginProject/main.go:26
runtime.main
	E:/Go/src/runtime/proc.go:225
[I-ADMIN]2021/06/17 - 00:17:15.522	[34minfo[0m	E:/Go-project/ginProject/initialize/router.go:19	swaggeræ³¨å†ŒæˆåŠŸ,swaggeré¡µé¢ä¸ºï¼š/swagger/index.html
ginProject/initialize.Router
	E:/Go-project/ginProject/initialize/router.go:19
ginProject/core.RunWindowsServer
	E:/Go-project/ginProject/core/server.go:20
main.main
	E:/Go-project/ginProject/main.go:26
runtime.main
	E:/Go/src/runtime/proc.go:225
[I-ADMIN]2021/06/17 - 00:17:15.523	[34minfo[0m	E:/Go-project/ginProject/initialize/router.go:35	router æ³¨å†ŒæˆåŠŸ
ginProject/initialize.Router
	E:/Go-project/ginProject/initialize/router.go:35
ginProject/core.RunWindowsServer
	E:/Go-project/ginProject/core/server.go:20
main.main
	E:/Go-project/ginProject/main.go:26
runtime.main
	E:/Go/src/runtime/proc.go:225
[I-ADMIN]2021/06/17 - 00:17:15.529	[34minfo[0m	E:/Go-project/ginProject/core/server.go:28	server run success on http://127.0.0.1:8991
ginProject/core.RunWindowsServer
	E:/Go-project/ginProject/core/server.go:28
main.main
	E:/Go-project/ginProject/main.go:26
runtime.main
	E:/Go/src/runtime/proc.go:225
[I-ADMIN]2021/06/17 - 00:17:15.529	[34minfo[0m	E:/Go-project/ginProject/core/server.go:29	swagger page on http://127.0.0.1:8991/swagger/index.html
ginProject/core.RunWindowsServer
	E:/Go-project/ginProject/core/server.go:29
main.main
	E:/Go-project/ginProject/main.go:26
runtime.main
	E:/Go/src/runtime/proc.go:225
[I-ADMIN]2021/06/17 - 00:27:15.152	[34minfo[0m	E:/Go-project/ginProject/initialize/gorm.go:21	mysql è¿æ¥æˆåŠŸ	{"dsn": "root:@tcp(127.0.0.1:3306)/gin?charset=utf8&parseTime=true"}
ginProject/initialize.GormMysql
	E:/Go-project/ginProject/initialize/gorm.go:21
main.main
	E:/Go-project/ginProject/main.go:24
runtime.main
	E:/Go/src/runtime/proc.go:225
[I-ADMIN]2021/06/17 - 00:27:15.153	[34minfo[0m	E:/Go-project/ginProject/initialize/redis.go:20	redis è¿æ¥æˆåŠŸ:	{"redisCfg": {"db":0,"addr":"127.0.0.1:6379","password":""}}
ginProject/initialize.Redis
	E:/Go-project/ginProject/initialize/redis.go:20
ginProject/core.RunWindowsServer
	E:/Go-project/ginProject/core/server.go:18
main.main
	E:/Go-project/ginProject/main.go:26
runtime.main
	E:/Go/src/runtime/proc.go:225
[I-ADMIN]2021/06/17 - 00:27:15.153	[34minfo[0m	E:/Go-project/ginProject/initialize/router.go:19	swaggeræ³¨å†ŒæˆåŠŸ,swaggeré¡µé¢ä¸ºï¼š/swagger/index.html
ginProject/initialize.Router
	E:/Go-project/ginProject/initialize/router.go:19
ginProject/core.RunWindowsServer
	E:/Go-project/ginProject/core/server.go:20
main.main
	E:/Go-project/ginProject/main.go:26
runtime.main
	E:/Go/src/runtime/proc.go:225
[I-ADMIN]2021/06/17 - 00:27:15.153	[34minfo[0m	E:/Go-project/ginProject/initialize/router.go:35	router æ³¨å†ŒæˆåŠŸ
ginProject/initialize.Router
	E:/Go-project/ginProject/initialize/router.go:35
ginProject/core.RunWindowsServer
	E:/Go-project/ginProject/core/server.go:20
main.main
	E:/Go-project/ginProject/main.go:26
runtime.main
	E:/Go/src/runtime/proc.go:225
[I-ADMIN]2021/06/17 - 00:27:15.160	[34minfo[0m	E:/Go-project/ginProject/core/server.go:28	server run success on http://127.0.0.1:8991
ginProject/core.RunWindowsServer
	E:/Go-project/ginProject/core/server.go:28
main.main
	E:/Go-project/ginProject/main.go:26
runtime.main
	E:/Go/src/runtime/proc.go:225
[I-ADMIN]2021/06/17 - 00:27:15.160	[34minfo[0m	E:/Go-project/ginProject/core/server.go:29	swagger page on http://127.0.0.1:8991/swagger/index.html
ginProject/core.RunWindowsServer
	E:/Go-project/ginProject/core/server.go:29
main.main
	E:/Go-project/ginProject/main.go:26
runtime.main
	E:/Go/src/runtime/proc.go:225
[I-ADMIN]2021/06/17 - 00:33:52.219	[34minfo[0m	E:/Go-project/ginProject/initialize/gorm.go:21	mysql è¿æ¥æˆåŠŸ	{"dsn": "root:@tcp(127.0.0.1:3306)/gin?charset=utf8&parseTime=true"}
ginProject/initialize.GormMysql
	E:/Go-project/ginProject/initialize/gorm.go:21
main.main
	E:/Go-project/ginProject/main.go:24
runtime.main
	E:/Go/src/runtime/proc.go:225
[I-ADMIN]2021/06/17 - 00:33:52.221	[34minfo[0m	E:/Go-project/ginProject/initialize/redis.go:20	redis è¿æ¥æˆåŠŸ:	{"redisCfg": {"db":0,"addr":"127.0.0.1:6379","password":""}}
ginProject/initialize.Redis
	E:/Go-project/ginProject/initialize/redis.go:20
ginProject/core.RunWindowsServer
	E:/Go-project/ginProject/core/server.go:18
main.main
	E:/Go-project/ginProject/main.go:26
runtime.main
	E:/Go/src/runtime/proc.go:225
[I-ADMIN]2021/06/17 - 00:33:52.221	[34minfo[0m	E:/Go-project/ginProject/initialize/router.go:19	swaggeræ³¨å†ŒæˆåŠŸ,swaggeré¡µé¢ä¸ºï¼š/swagger/index.html
ginProject/initialize.Router
	E:/Go-project/ginProject/initialize/router.go:19
ginProject/core.RunWindowsServer
	E:/Go-project/ginProject/core/server.go:20
main.main
	E:/Go-project/ginProject/main.go:26
runtime.main
	E:/Go/src/runtime/proc.go:225
[I-ADMIN]2021/06/17 - 00:33:52.221	[34minfo[0m	E:/Go-project/ginProject/initialize/router.go:35	router æ³¨å†ŒæˆåŠŸ
ginProject/initialize.Router
	E:/Go-project/ginProject/initialize/router.go:35
ginProject/core.RunWindowsServer
	E:/Go-project/ginProject/core/server.go:20
main.main
	E:/Go-project/ginProject/main.go:26
runtime.main
	E:/Go/src/runtime/proc.go:225
[I-ADMIN]2021/06/17 - 00:33:52.237	[34minfo[0m	E:/Go-project/ginProject/core/server.go:28	server run success on http://127.0.0.1:8991
ginProject/core.RunWindowsServer
	E:/Go-project/ginProject/core/server.go:28
main.main
	E:/Go-project/ginProject/main.go:26
runtime.main
	E:/Go/src/runtime/proc.go:225
[I-ADMIN]2021/06/17 - 00:33:52.237	[34minfo[0m	E:/Go-project/ginProject/core/server.go:29	swagger page on http://127.0.0.1:8991/swagger/index.html
ginProject/core.RunWindowsServer
	E:/Go-project/ginProject/core/server.go:29
main.main
	E:/Go-project/ginProject/main.go:26
runtime.main
	E:/Go/src/runtime/proc.go:225
[I-ADMIN]2021/06/17 - 00:51:54.974	[34minfo[0m	E:/Go-project/ginProject/initialize/gorm.go:21	mysql è¿æ¥æˆåŠŸ	{"dsn": "root:@tcp(127.0.0.1:3306)/gin?charset=utf8&parseTime=true"}
ginProject/initialize.GormMysql
	E:/Go-project/ginProject/initialize/gorm.go:21
main.main
	E:/Go-project/ginProject/main.go:24
runtime.main
	E:/Go/src/runtime/proc.go:225
[I-ADMIN]2021/06/17 - 00:51:54.976	[34minfo[0m	E:/Go-project/ginProject/initialize/redis.go:20	redis è¿æ¥æˆåŠŸ:	{"redisCfg": {"db":0,"addr":"127.0.0.1:6379","password":""}}
ginProject/initialize.Redis
	E:/Go-project/ginProject/initialize/redis.go:20
ginProject/core.RunWindowsServer
	E:/Go-project/ginProject/core/server.go:18
main.main
	E:/Go-project/ginProject/main.go:26
runtime.main
	E:/Go/src/runtime/proc.go:225
[I-ADMIN]2021/06/17 - 00:51:54.976	[34minfo[0m	E:/Go-project/ginProject/initialize/router.go:19	swaggeræ³¨å†ŒæˆåŠŸ,swaggeré¡µé¢ä¸ºï¼š/swagger/index.html
ginProject/initialize.Router
	E:/Go-project/ginProject/initialize/router.go:19
ginProject/core.RunWindowsServer
	E:/Go-project/ginProject/core/server.go:20
main.main
	E:/Go-project/ginProject/main.go:26
runtime.main
	E:/Go/src/runtime/proc.go:225
[I-ADMIN]2021/06/17 - 00:51:54.976	[34minfo[0m	E:/Go-project/ginProject/initialize/router.go:35	router æ³¨å†ŒæˆåŠŸ
ginProject/initialize.Router
	E:/Go-project/ginProject/initialize/router.go:35
ginProject/core.RunWindowsServer
	E:/Go-project/ginProject/core/server.go:20
main.main
	E:/Go-project/ginProject/main.go:26
runtime.main
	E:/Go/src/runtime/proc.go:225
[I-ADMIN]2021/06/17 - 00:51:54.984	[34minfo[0m	E:/Go-project/ginProject/core/server.go:28	server run success on http://127.0.0.1:8991
ginProject/core.RunWindowsServer
	E:/Go-project/ginProject/core/server.go:28
main.main
	E:/Go-project/ginProject/main.go:26
runtime.main
	E:/Go/src/runtime/proc.go:225
[I-ADMIN]2021/06/17 - 00:51:54.984	[34minfo[0m	E:/Go-project/ginProject/core/server.go:29	swagger page on http://127.0.0.1:8991/swagger/index.html
ginProject/core.RunWindowsServer
	E:/Go-project/ginProject/core/server.go:29
main.main
	E:/Go-project/ginProject/main.go:26
runtime.main
	E:/Go/src/runtime/proc.go:225
[I-ADMIN]2021/06/17 - 01:39:43.758	[34minfo[0m	E:/Go-project/ginProject/initialize/gorm.go:21	mysql è¿æ¥æˆåŠŸ	{"dsn": "root:@tcp(127.0.0.1:3306)/gin?charset=utf8&parseTime=true"}
ginProject/initialize.GormMysql
	E:/Go-project/ginProject/initialize/gorm.go:21
main.main
	E:/Go-project/ginProject/main.go:24
runtime.main
	E:/Go/src/runtime/proc.go:225
[I-ADMIN]2021/06/17 - 01:39:43.760	[34minfo[0m	E:/Go-project/ginProject/initialize/redis.go:20	redis è¿æ¥æˆåŠŸ:	{"redisCfg": {"db":0,"addr":"127.0.0.1:6379","password":""}}
ginProject/initialize.Redis
	E:/Go-project/ginProject/initialize/redis.go:20
ginProject/core.RunWindowsServer
	E:/Go-project/ginProject/core/server.go:18
main.main
	E:/Go-project/ginProject/main.go:26
runtime.main
	E:/Go/src/runtime/proc.go:225
[I-ADMIN]2021/06/17 - 01:39:43.760	[34minfo[0m	E:/Go-project/ginProject/initialize/router.go:19	swaggeræ³¨å†ŒæˆåŠŸ,swaggeré¡µé¢ä¸ºï¼š/swagger/index.html
ginProject/initialize.Router
	E:/Go-project/ginProject/initialize/router.go:19
ginProject/core.RunWindowsServer
	E:/Go-project/ginProject/core/server.go:20
main.main
	E:/Go-project/ginProject/main.go:26
runtime.main
	E:/Go/src/runtime/proc.go:225
[I-ADMIN]2021/06/17 - 01:39:43.760	[34minfo[0m	E:/Go-project/ginProject/initialize/router.go:35	router æ³¨å†ŒæˆåŠŸ
ginProject/initialize.Router
	E:/Go-project/ginProject/initialize/router.go:35
ginProject/core.RunWindowsServer
	E:/Go-project/ginProject/core/server.go:20
main.main
	E:/Go-project/ginProject/main.go:26
runtime.main
	E:/Go/src/runtime/proc.go:225
[I-ADMIN]2021/06/17 - 01:39:43.767	[34minfo[0m	E:/Go-project/ginProject/core/server.go:28	server run success on http://127.0.0.1:8991
ginProject/core.RunWindowsServer
	E:/Go-project/ginProject/core/server.go:28
main.main
	E:/Go-project/ginProject/main.go:26
runtime.main
	E:/Go/src/runtime/proc.go:225
[I-ADMIN]2021/06/17 - 01:39:43.767	[34minfo[0m	E:/Go-project/ginProject/core/server.go:29	swagger page on http://127.0.0.1:8991/swagger/index.html
ginProject/core.RunWindowsServer
	E:/Go-project/ginProject/core/server.go:29
main.main
	E:/Go-project/ginProject/main.go:26
runtime.main
	E:/Go/src/runtime/proc.go:225
[I-ADMIN]2021/06/17 - 01:39:46.778	[34minfo[0m	E:/Go-project/ginProject/initialize/gorm.go:21	mysql è¿æ¥æˆåŠŸ	{"dsn": "root:@tcp(127.0.0.1:3306)/gin?charset=utf8&parseTime=true"}
ginProject/initialize.GormMysql
	E:/Go-project/ginProject/initialize/gorm.go:21
main.main
	E:/Go-project/ginProject/main.go:24
runtime.main
	E:/Go/src/runtime/proc.go:225
[I-ADMIN]2021/06/17 - 01:39:46.779	[34minfo[0m	E:/Go-project/ginProject/initialize/redis.go:20	redis è¿æ¥æˆåŠŸ:	{"redisCfg": {"db":0,"addr":"127.0.0.1:6379","password":""}}
ginProject/initialize.Redis
	E:/Go-project/ginProject/initialize/redis.go:20
ginProject/core.RunWindowsServer
	E:/Go-project/ginProject/core/server.go:18
main.main
	E:/Go-project/ginProject/main.go:26
runtime.main
	E:/Go/src/runtime/proc.go:225
[I-ADMIN]2021/06/17 - 01:39:46.780	[34minfo[0m	E:/Go-project/ginProject/initialize/router.go:19	swaggeræ³¨å†ŒæˆåŠŸ,swaggeré¡µé¢ä¸ºï¼š/swagger/index.html
ginProject/initialize.Router
	E:/Go-project/ginProject/initialize/router.go:19
ginProject/core.RunWindowsServer
	E:/Go-project/ginProject/core/server.go:20
main.main
	E:/Go-project/ginProject/main.go:26
runtime.main
	E:/Go/src/runtime/proc.go:225
[I-ADMIN]2021/06/17 - 01:39:46.780	[34minfo[0m	E:/Go-project/ginProject/initialize/router.go:35	router æ³¨å†ŒæˆåŠŸ
ginProject/initialize.Router
	E:/Go-project/ginProject/initialize/router.go:35
ginProject/core.RunWindowsServer
	E:/Go-project/ginProject/core/server.go:20
main.main
	E:/Go-project/ginProject/main.go:26
runtime.main
	E:/Go/src/runtime/proc.go:225
[I-ADMIN]2021/06/17 - 01:39:46.781	[34minfo[0m	E:/Go-project/ginProject/core/server.go:28	server run success on http://127.0.0.1:8991
ginProject/core.RunWindowsServer
	E:/Go-project/ginProject/core/server.go:28
main.main
	E:/Go-project/ginProject/main.go:26
runtime.main
	E:/Go/src/runtime/proc.go:225
[I-ADMIN]2021/06/17 - 01:39:46.781	[34minfo[0m	E:/Go-project/ginProject/core/server.go:29	swagger page on http://127.0.0.1:8991/swagger/index.html
ginProject/core.RunWindowsServer
	E:/Go-project/ginProject/core/server.go:29
main.main
	E:/Go-project/ginProject/main.go:26
runtime.main
	E:/Go/src/runtime/proc.go:225
[I-ADMIN]2021/06/17 - 01:45:18.190	[34minfo[0m	E:/Go-project/ginProject/initialize/gorm.go:21	mysql è¿æ¥æˆåŠŸ	{"dsn": "root:@tcp(127.0.0.1:3306)/gin?charset=utf8&parseTime=true"}
ginProject/initialize.GormMysql
	E:/Go-project/ginProject/initialize/gorm.go:21
main.main
	E:/Go-project/ginProject/main.go:24
runtime.main
	E:/Go/src/runtime/proc.go:225
[I-ADMIN]2021/06/17 - 01:45:18.192	[34minfo[0m	E:/Go-project/ginProject/initialize/redis.go:20	redis è¿æ¥æˆåŠŸ:	{"redisCfg": {"db":0,"addr":"127.0.0.1:6379","password":""}}
ginProject/initialize.Redis
	E:/Go-project/ginProject/initialize/redis.go:20
ginProject/core.RunWindowsServer
	E:/Go-project/ginProject/core/server.go:18
main.main
	E:/Go-project/ginProject/main.go:26
runtime.main
	E:/Go/src/runtime/proc.go:225
[I-ADMIN]2021/06/17 - 01:45:18.192	[34minfo[0m	E:/Go-project/ginProject/initialize/router.go:19	swaggeræ³¨å†ŒæˆåŠŸ,swaggeré¡µé¢ä¸ºï¼š/swagger/index.html
ginProject/initialize.Router
	E:/Go-project/ginProject/initialize/router.go:19
ginProject/core.RunWindowsServer
	E:/Go-project/ginProject/core/server.go:20
main.main
	E:/Go-project/ginProject/main.go:26
runtime.main
	E:/Go/src/runtime/proc.go:225
[I-ADMIN]2021/06/17 - 01:45:18.192	[34minfo[0m	E:/Go-project/ginProject/initialize/router.go:35	router æ³¨å†ŒæˆåŠŸ
ginProject/initialize.Router
	E:/Go-project/ginProject/initialize/router.go:35
ginProject/core.RunWindowsServer
	E:/Go-project/ginProject/core/server.go:20
main.main
	E:/Go-project/ginProject/main.go:26
runtime.main
	E:/Go/src/runtime/proc.go:225
[I-ADMIN]2021/06/17 - 01:45:18.195	[34minfo[0m	E:/Go-project/ginProject/core/server.go:28	server run success on http://127.0.0.1:8991
ginProject/core.RunWindowsServer
	E:/Go-project/ginProject/core/server.go:28
main.main
	E:/Go-project/ginProject/main.go:26
runtime.main
	E:/Go/src/runtime/proc.go:225
[I-ADMIN]2021/06/17 - 01:45:18.195	[34minfo[0m	E:/Go-project/ginProject/core/server.go:29	swagger page on http://127.0.0.1:8991/swagger/index.html
ginProject/core.RunWindowsServer
	E:/Go-project/ginProject/core/server.go:29
main.main
	E:/Go-project/ginProject/main.go:26
runtime.main
	E:/Go/src/runtime/proc.go:225
[I-ADMIN]2021/06/17 - 01:45:25.792	[34minfo[0m	E:/Go-project/ginProject/initialize/gorm.go:21	mysql è¿æ¥æˆåŠŸ	{"dsn": "root:@tcp(127.0.0.1:3306)/gin?charset=utf8&parseTime=true"}
ginProject/initialize.GormMysql
	E:/Go-project/ginProject/initialize/gorm.go:21
main.main
	E:/Go-project/ginProject/main.go:24
runtime.main
	E:/Go/src/runtime/proc.go:225
[I-ADMIN]2021/06/17 - 01:45:25.793	[34minfo[0m	E:/Go-project/ginProject/initialize/redis.go:20	redis è¿æ¥æˆåŠŸ:	{"redisCfg": {"db":0,"addr":"127.0.0.1:6379","password":""}}
ginProject/initialize.Redis
	E:/Go-project/ginProject/initialize/redis.go:20
ginProject/core.RunWindowsServer
	E:/Go-project/ginProject/core/server.go:18
main.main
	E:/Go-project/ginProject/main.go:26
runtime.main
	E:/Go/src/runtime/proc.go:225
[I-ADMIN]2021/06/17 - 01:45:25.794	[34minfo[0m	E:/Go-project/ginProject/initialize/router.go:19	swaggeræ³¨å†ŒæˆåŠŸ,swaggeré¡µé¢ä¸ºï¼š/swagger/index.html
ginProject/initialize.Router
	E:/Go-project/ginProject/initialize/router.go:19
ginProject/core.RunWindowsServer
	E:/Go-project/ginProject/core/server.go:20
main.main
	E:/Go-project/ginProject/main.go:26
runtime.main
	E:/Go/src/runtime/proc.go:225
[I-ADMIN]2021/06/17 - 01:45:25.794	[34minfo[0m	E:/Go-project/ginProject/initialize/router.go:35	router æ³¨å†ŒæˆåŠŸ
ginProject/initialize.Router
	E:/Go-project/ginProject/initialize/router.go:35
ginProject/core.RunWindowsServer
	E:/Go-project/ginProject/core/server.go:20
main.main
	E:/Go-project/ginProject/main.go:26
runtime.main
	E:/Go/src/runtime/proc.go:225
[I-ADMIN]2021/06/17 - 01:45:25.806	[34minfo[0m	E:/Go-project/ginProject/core/server.go:28	server run success on http://127.0.0.1:8991
ginProject/core.RunWindowsServer
	E:/Go-project/ginProject/core/server.go:28
main.main
	E:/Go-project/ginProject/main.go:26
runtime.main
	E:/Go/src/runtime/proc.go:225
[I-ADMIN]2021/06/17 - 01:45:25.806	[34minfo[0m	E:/Go-project/ginProject/core/server.go:29	swagger page on http://127.0.0.1:8991/swagger/index.html
ginProject/core.RunWindowsServer
	E:/Go-project/ginProject/core/server.go:29
main.main
	E:/Go-project/ginProject/main.go:26
runtime.main
	E:/Go/src/runtime/proc.go:225
[I-ADMIN]2021/06/17 - 02:08:33.542	[34minfo[0m	E:/Go-project/ginProject/initialize/gorm.go:21	mysql è¿æ¥æˆåŠŸ	{"dsn": "root:@tcp(127.0.0.1:3306)/gin?charset=utf8&parseTime=true"}
ginProject/initialize.GormMysql
	E:/Go-project/ginProject/initialize/gorm.go:21
main.main
	E:/Go-project/ginProject/main.go:24
runtime.main
	E:/Go/src/runtime/proc.go:225
[I-ADMIN]2021/06/17 - 02:08:33.543	[34minfo[0m	E:/Go-project/ginProject/initialize/redis.go:20	redis è¿æ¥æˆåŠŸ:	{"redisCfg": {"db":0,"addr":"127.0.0.1:6379","password":""}}
ginProject/initialize.Redis
	E:/Go-project/ginProject/initialize/redis.go:20
ginProject/core.RunWindowsServer
	E:/Go-project/ginProject/core/server.go:18
main.main
	E:/Go-project/ginProject/main.go:26
runtime.main
	E:/Go/src/runtime/proc.go:225
[I-ADMIN]2021/06/17 - 02:08:33.544	[34minfo[0m	E:/Go-project/ginProject/initialize/router.go:19	swaggeræ³¨å†ŒæˆåŠŸ,swaggeré¡µé¢ä¸ºï¼š/swagger/index.html
ginProject/initialize.Router
	E:/Go-project/ginProject/initialize/router.go:19
ginProject/core.RunWindowsServer
	E:/Go-project/ginProject/core/server.go:20
main.main
	E:/Go-project/ginProject/main.go:26
runtime.main
	E:/Go/src/runtime/proc.go:225
[I-ADMIN]2021/06/17 - 02:08:33.544	[34minfo[0m	E:/Go-project/ginProject/initialize/router.go:36	router æ³¨å†ŒæˆåŠŸ
ginProject/initialize.Router
	E:/Go-project/ginProject/initialize/router.go:36
ginProject/core.RunWindowsServer
	E:/Go-project/ginProject/core/server.go:20
main.main
	E:/Go-project/ginProject/main.go:26
runtime.main
	E:/Go/src/runtime/proc.go:225
[I-ADMIN]2021/06/17 - 02:08:33.548	[34minfo[0m	E:/Go-project/ginProject/core/server.go:28	server run success on http://127.0.0.1:8991
ginProject/core.RunWindowsServer
	E:/Go-project/ginProject/core/server.go:28
main.main
	E:/Go-project/ginProject/main.go:26
runtime.main
	E:/Go/src/runtime/proc.go:225
[I-ADMIN]2021/06/17 - 02:08:33.548	[34minfo[0m	E:/Go-project/ginProject/core/server.go:29	swagger page on http://127.0.0.1:8991/swagger/index.html
ginProject/core.RunWindowsServer
	E:/Go-project/ginProject/core/server.go:29
main.main
	E:/Go-project/ginProject/main.go:26
runtime.main
	E:/Go/src/runtime/proc.go:225
[I-ADMIN]2021/06/17 - 02:20:18.688	[34minfo[0m	E:/Go-project/ginProject/initialize/gorm.go:21	mysql è¿æ¥æˆåŠŸ	{"dsn": "root:@tcp(127.0.0.1:3306)/gin?charset=utf8&parseTime=true"}
ginProject/initialize.GormMysql
	E:/Go-project/ginProject/initialize/gorm.go:21
main.main
	E:/Go-project/ginProject/main.go:24
runtime.main
	E:/Go/src/runtime/proc.go:225
[I-ADMIN]2021/06/17 - 02:20:18.689	[34minfo[0m	E:/Go-project/ginProject/initialize/redis.go:20	redis è¿æ¥æˆåŠŸ:	{"redisCfg": {"db":0,"addr":"127.0.0.1:6379","password":""}}
ginProject/initialize.Redis
	E:/Go-project/ginProject/initialize/redis.go:20
ginProject/core.RunWindowsServer
	E:/Go-project/ginProject/core/server.go:18
main.main
	E:/Go-project/ginProject/main.go:26
runtime.main
	E:/Go/src/runtime/proc.go:225
[I-ADMIN]2021/06/17 - 02:20:18.689	[34minfo[0m	E:/Go-project/ginProject/initialize/router.go:19	swaggeræ³¨å†ŒæˆåŠŸ,swaggeré¡µé¢ä¸ºï¼š/swagger/index.html
ginProject/initialize.Router
	E:/Go-project/ginProject/initialize/router.go:19
ginProject/core.RunWindowsServer
	E:/Go-project/ginProject/core/server.go:20
main.main
	E:/Go-project/ginProject/main.go:26
runtime.main
	E:/Go/src/runtime/proc.go:225
[I-ADMIN]2021/06/17 - 02:20:18.690	[34minfo[0m	E:/Go-project/ginProject/initialize/router.go:36	router æ³¨å†ŒæˆåŠŸ
ginProject/initialize.Router
	E:/Go-project/ginProject/initialize/router.go:36
ginProject/core.RunWindowsServer
	E:/Go-project/ginProject/core/server.go:20
main.main
	E:/Go-project/ginProject/main.go:26
runtime.main
	E:/Go/src/runtime/proc.go:225
[I-ADMIN]2021/06/17 - 02:20:18.698	[34minfo[0m	E:/Go-project/ginProject/core/server.go:28	server run success on http://127.0.0.1:8991
ginProject/core.RunWindowsServer
	E:/Go-project/ginProject/core/server.go:28
main.main
	E:/Go-project/ginProject/main.go:26
runtime.main
	E:/Go/src/runtime/proc.go:225
[I-ADMIN]2021/06/17 - 02:20:18.698	[34minfo[0m	E:/Go-project/ginProject/core/server.go:29	swagger page on http://127.0.0.1:8991/swagger/index.html
ginProject/core.RunWindowsServer
	E:/Go-project/ginProject/core/server.go:29
main.main
	E:/Go-project/ginProject/main.go:26
runtime.main
	E:/Go/src/runtime/proc.go:225
[I-ADMIN]2021/06/17 - 02:20:52.974	[34minfo[0m	E:/Go-project/ginProject/initialize/gorm.go:21	mysql è¿æ¥æˆåŠŸ	{"dsn": "root:@tcp(127.0.0.1:3306)/gin?charset=utf8&parseTime=true"}
ginProject/initialize.GormMysql
	E:/Go-project/ginProject/initialize/gorm.go:21
main.main
	E:/Go-project/ginProject/main.go:24
runtime.main
	E:/Go/src/runtime/proc.go:225
[I-ADMIN]2021/06/17 - 02:20:52.975	[34minfo[0m	E:/Go-project/ginProject/initialize/redis.go:20	redis è¿æ¥æˆåŠŸ:	{"redisCfg": {"db":0,"addr":"127.0.0.1:6379","password":""}}
ginProject/initialize.Redis
	E:/Go-project/ginProject/initialize/redis.go:20
ginProject/core.RunWindowsServer
	E:/Go-project/ginProject/core/server.go:18
main.main
	E:/Go-project/ginProject/main.go:26
runtime.main
	E:/Go/src/runtime/proc.go:225
[I-ADMIN]2021/06/17 - 02:20:52.976	[34minfo[0m	E:/Go-project/ginProject/initialize/router.go:19	swaggeræ³¨å†ŒæˆåŠŸ,swaggeré¡µé¢ä¸ºï¼š/swagger/index.html
ginProject/initialize.Router
	E:/Go-project/ginProject/initialize/router.go:19
ginProject/core.RunWindowsServer
	E:/Go-project/ginProject/core/server.go:20
main.main
	E:/Go-project/ginProject/main.go:26
runtime.main
	E:/Go/src/runtime/proc.go:225
[I-ADMIN]2021/06/17 - 02:20:52.976	[34minfo[0m	E:/Go-project/ginProject/initialize/router.go:36	router æ³¨å†ŒæˆåŠŸ
ginProject/initialize.Router
	E:/Go-project/ginProject/initialize/router.go:36
ginProject/core.RunWindowsServer
	E:/Go-project/ginProject/core/server.go:20
main.main
	E:/Go-project/ginProject/main.go:26
runtime.main
	E:/Go/src/runtime/proc.go:225
[I-ADMIN]2021/06/17 - 02:20:52.981	[34minfo[0m	E:/Go-project/ginProject/core/server.go:28	server run success on http://127.0.0.1:8991
ginProject/core.RunWindowsServer
	E:/Go-project/ginProject/core/server.go:28
main.main
	E:/Go-project/ginProject/main.go:26
runtime.main
	E:/Go/src/runtime/proc.go:225
[I-ADMIN]2021/06/17 - 02:20:52.981	[34minfo[0m	E:/Go-project/ginProject/core/server.go:29	swagger page on http://127.0.0.1:8991/swagger/index.html
ginProject/core.RunWindowsServer
	E:/Go-project/ginProject/core/server.go:29
main.main
	E:/Go-project/ginProject/main.go:26
runtime.main
	E:/Go/src/runtime/proc.go:225
[I-ADMIN]2021/06/17 - 02:34:22.689	[34minfo[0m	E:/Go-project/ginProject/initialize/gorm.go:21	mysql è¿æ¥æˆåŠŸ	{"dsn": "root:@tcp(127.0.0.1:3306)/gin?charset=utf8&parseTime=true"}
ginProject/initialize.GormMysql
	E:/Go-project/ginProject/initialize/gorm.go:21
main.main
	E:/Go-project/ginProject/main.go:24
runtime.main
	E:/Go/src/runtime/proc.go:225
[I-ADMIN]2021/06/17 - 02:34:22.690	[34minfo[0m	E:/Go-project/ginProject/initialize/redis.go:20	redis è¿æ¥æˆåŠŸ:	{"redisCfg": {"db":0,"addr":"127.0.0.1:6379","password":""}}
ginProject/initialize.Redis
	E:/Go-project/ginProject/initialize/redis.go:20
ginProject/core.RunWindowsServer
	E:/Go-project/ginProject/core/server.go:18
main.main
	E:/Go-project/ginProject/main.go:26
runtime.main
	E:/Go/src/runtime/proc.go:225
[I-ADMIN]2021/06/17 - 02:34:22.691	[34minfo[0m	E:/Go-project/ginProject/initialize/router.go:19	swaggeræ³¨å†ŒæˆåŠŸ,swaggeré¡µé¢ä¸ºï¼š/swagger/index.html
ginProject/initialize.Router
	E:/Go-project/ginProject/initialize/router.go:19
ginProject/core.RunWindowsServer
	E:/Go-project/ginProject/core/server.go:20
main.main
	E:/Go-project/ginProject/main.go:26
runtime.main
	E:/Go/src/runtime/proc.go:225
[I-ADMIN]2021/06/17 - 02:34:22.691	[34minfo[0m	E:/Go-project/ginProject/initialize/router.go:37	router æ³¨å†ŒæˆåŠŸ
ginProject/initialize.Router
	E:/Go-project/ginProject/initialize/router.go:37
ginProject/core.RunWindowsServer
	E:/Go-project/ginProject/core/server.go:20
main.main
	E:/Go-project/ginProject/main.go:26
runtime.main
	E:/Go/src/runtime/proc.go:225
[I-ADMIN]2021/06/17 - 02:34:22.693	[34minfo[0m	E:/Go-project/ginProject/core/server.go:28	server run success on http://127.0.0.1:8991
ginProject/core.RunWindowsServer
	E:/Go-project/ginProject/core/server.go:28
main.main
	E:/Go-project/ginProject/main.go:26
runtime.main
	E:/Go/src/runtime/proc.go:225
[I-ADMIN]2021/06/17 - 02:34:22.693	[34minfo[0m	E:/Go-project/ginProject/core/server.go:29	swagger page on http://127.0.0.1:8991/swagger/index.html
ginProject/core.RunWindowsServer
	E:/Go-project/ginProject/core/server.go:29
main.main
	E:/Go-project/ginProject/main.go:26
runtime.main
	E:/Go/src/runtime/proc.go:225
[I-ADMIN]2021/06/17 - 02:41:39.383	[34minfo[0m	E:/Go-project/ginProject/initialize/gorm.go:21	mysql è¿æ¥æˆåŠŸ	{"dsn": "root:@tcp(127.0.0.1:3306)/gin?charset=utf8&parseTime=true"}
ginProject/initialize.GormMysql
	E:/Go-project/ginProject/initialize/gorm.go:21
main.main
	E:/Go-project/ginProject/main.go:24
runtime.main
	E:/Go/src/runtime/proc.go:225
[I-ADMIN]2021/06/17 - 02:41:39.384	[34minfo[0m	E:/Go-project/ginProject/initialize/redis.go:20	redis è¿æ¥æˆåŠŸ:	{"redisCfg": {"db":0,"addr":"127.0.0.1:6379","password":""}}
ginProject/initialize.Redis
	E:/Go-project/ginProject/initialize/redis.go:20
ginProject/core.RunWindowsServer
	E:/Go-project/ginProject/core/server.go:18
main.main
	E:/Go-project/ginProject/main.go:26
runtime.main
	E:/Go/src/runtime/proc.go:225
[I-ADMIN]2021/06/17 - 02:41:39.385	[34minfo[0m	E:/Go-project/ginProject/initialize/router.go:19	swaggeræ³¨å†ŒæˆåŠŸ,swaggeré¡µé¢ä¸ºï¼š/swagger/index.html
ginProject/initialize.Router
	E:/Go-project/ginProject/initialize/router.go:19
ginProject/core.RunWindowsServer
	E:/Go-project/ginProject/core/server.go:20
main.main
	E:/Go-project/ginProject/main.go:26
runtime.main
	E:/Go/src/runtime/proc.go:225
[I-ADMIN]2021/06/17 - 02:41:39.385	[34minfo[0m	E:/Go-project/ginProject/initialize/router.go:37	router æ³¨å†ŒæˆåŠŸ
ginProject/initialize.Router
	E:/Go-project/ginProject/initialize/router.go:37
ginProject/core.RunWindowsServer
	E:/Go-project/ginProject/core/server.go:20
main.main
	E:/Go-project/ginProject/main.go:26
runtime.main
	E:/Go/src/runtime/proc.go:225
[I-ADMIN]2021/06/17 - 02:41:39.397	[34minfo[0m	E:/Go-project/ginProject/core/server.go:28	server run success on http://127.0.0.1:8991
ginProject/core.RunWindowsServer
	E:/Go-project/ginProject/core/server.go:28
main.main
	E:/Go-project/ginProject/main.go:26
runtime.main
	E:/Go/src/runtime/proc.go:225
[I-ADMIN]2021/06/17 - 02:41:39.397	[34minfo[0m	E:/Go-project/ginProject/core/server.go:29	swagger page on http://127.0.0.1:8991/swagger/index.html
ginProject/core.RunWindowsServer
	E:/Go-project/ginProject/core/server.go:29
main.main
	E:/Go-project/ginProject/main.go:26
runtime.main
	E:/Go/src/runtime/proc.go:225
[I-ADMIN]2021/06/17 - 02:44:11.449	[34minfo[0m	E:/Go-project/ginProject/initialize/gorm.go:21	mysql è¿æ¥æˆåŠŸ	{"dsn": "root:@tcp(127.0.0.1:3306)/gin?charset=utf8&parseTime=true"}
ginProject/initialize.GormMysql
	E:/Go-project/ginProject/initialize/gorm.go:21
main.main
	E:/Go-project/ginProject/main.go:24
runtime.main
	E:/Go/src/runtime/proc.go:225
[I-ADMIN]2021/06/17 - 02:44:11.451	[34minfo[0m	E:/Go-project/ginProject/initialize/redis.go:20	redis è¿æ¥æˆåŠŸ:	{"redisCfg": {"db":0,"addr":"127.0.0.1:6379","password":""}}
ginProject/initialize.Redis
	E:/Go-project/ginProject/initialize/redis.go:20
ginProject/core.RunWindowsServer
	E:/Go-project/ginProject/core/server.go:18
main.main
	E:/Go-project/ginProject/main.go:26
runtime.main
	E:/Go/src/runtime/proc.go:225
[I-ADMIN]2021/06/17 - 02:44:11.451	[34minfo[0m	E:/Go-project/ginProject/initialize/router.go:19	swaggeræ³¨å†ŒæˆåŠŸ,swaggeré¡µé¢ä¸ºï¼š/swagger/index.html
ginProject/initialize.Router
	E:/Go-project/ginProject/initialize/router.go:19
ginProject/core.RunWindowsServer
	E:/Go-project/ginProject/core/server.go:20
main.main
	E:/Go-project/ginProject/main.go:26
runtime.main
	E:/Go/src/runtime/proc.go:225
[I-ADMIN]2021/06/17 - 02:44:11.451	[34minfo[0m	E:/Go-project/ginProject/initialize/router.go:37	router æ³¨å†ŒæˆåŠŸ
ginProject/initialize.Router
	E:/Go-project/ginProject/initialize/router.go:37
ginProject/core.RunWindowsServer
	E:/Go-project/ginProject/core/server.go:20
main.main
	E:/Go-project/ginProject/main.go:26
runtime.main
	E:/Go/src/runtime/proc.go:225
[I-ADMIN]2021/06/17 - 02:44:11.464	[34minfo[0m	E:/Go-project/ginProject/core/server.go:28	server run success on http://127.0.0.1:8991
ginProject/core.RunWindowsServer
	E:/Go-project/ginProject/core/server.go:28
main.main
	E:/Go-project/ginProject/main.go:26
runtime.main
	E:/Go/src/runtime/proc.go:225
[I-ADMIN]2021/06/17 - 02:44:11.464	[34minfo[0m	E:/Go-project/ginProject/core/server.go:29	swagger page on http://127.0.0.1:8991/swagger/index.html
ginProject/core.RunWindowsServer
	E:/Go-project/ginProject/core/server.go:29
main.main
	E:/Go-project/ginProject/main.go:26
runtime.main
	E:/Go/src/runtime/proc.go:225
[I-ADMIN]2021/06/17 - 02:48:13.109	[34minfo[0m	E:/Go-project/ginProject/initialize/gorm.go:21	mysql è¿æ¥æˆåŠŸ	{"dsn": "root:@tcp(127.0.0.1:3306)/gin?charset=utf8&parseTime=true"}
ginProject/initialize.GormMysql
	E:/Go-project/ginProject/initialize/gorm.go:21
main.main
	E:/Go-project/ginProject/main.go:24
runtime.main
	E:/Go/src/runtime/proc.go:225
[I-ADMIN]2021/06/17 - 02:48:13.110	[34minfo[0m	E:/Go-project/ginProject/initialize/redis.go:20	redis è¿æ¥æˆåŠŸ:	{"redisCfg": {"db":0,"addr":"127.0.0.1:6379","password":""}}
ginProject/initialize.Redis
	E:/Go-project/ginProject/initialize/redis.go:20
ginProject/core.RunWindowsServer
	E:/Go-project/ginProject/core/server.go:18
main.main
	E:/Go-project/ginProject/main.go:26
runtime.main
	E:/Go/src/runtime/proc.go:225
[I-ADMIN]2021/06/17 - 02:48:13.110	[34minfo[0m	E:/Go-project/ginProject/initialize/router.go:19	swaggeræ³¨å†ŒæˆåŠŸ,swaggeré¡µé¢ä¸ºï¼š/swagger/index.html
ginProject/initialize.Router
	E:/Go-project/ginProject/initialize/router.go:19
ginProject/core.RunWindowsServer
	E:/Go-project/ginProject/core/server.go:20
main.main
	E:/Go-project/ginProject/main.go:26
runtime.main
	E:/Go/src/runtime/proc.go:225
[I-ADMIN]2021/06/17 - 02:48:13.110	[34minfo[0m	E:/Go-project/ginProject/initialize/router.go:37	router æ³¨å†ŒæˆåŠŸ
ginProject/initialize.Router
	E:/Go-project/ginProject/initialize/router.go:37
ginProject/core.RunWindowsServer
	E:/Go-project/ginProject/core/server.go:20
main.main
	E:/Go-project/ginProject/main.go:26
runtime.main
	E:/Go/src/runtime/proc.go:225
[I-ADMIN]2021/06/17 - 02:48:13.116	[34minfo[0m	E:/Go-project/ginProject/core/server.go:28	server run success on http://127.0.0.1:8991
ginProject/core.RunWindowsServer
	E:/Go-project/ginProject/core/server.go:28
main.main
	E:/Go-project/ginProject/main.go:26
runtime.main
	E:/Go/src/runtime/proc.go:225
[I-ADMIN]2021/06/17 - 02:48:13.116	[34minfo[0m	E:/Go-project/ginProject/core/server.go:29	swagger page on http://127.0.0.1:8991/swagger/index.html
ginProject/core.RunWindowsServer
	E:/Go-project/ginProject/core/server.go:29
main.main
	E:/Go-project/ginProject/main.go:26
runtime.main
	E:/Go/src/runtime/proc.go:225
[I-ADMIN]2021/06/17 - 02:49:10.909	[34minfo[0m	E:/Go-project/ginProject/initialize/gorm.go:21	mysql è¿æ¥æˆåŠŸ	{"dsn": "root:@tcp(127.0.0.1:3306)/gin?charset=utf8&parseTime=true"}
ginProject/initialize.GormMysql
	E:/Go-project/ginProject/initialize/gorm.go:21
main.main
	E:/Go-project/ginProject/main.go:24
runtime.main
	E:/Go/src/runtime/proc.go:225
[I-ADMIN]2021/06/17 - 02:49:10.911	[34minfo[0m	E:/Go-project/ginProject/initialize/redis.go:20	redis è¿æ¥æˆåŠŸ:	{"redisCfg": {"db":0,"addr":"127.0.0.1:6379","password":""}}
ginProject/initialize.Redis
	E:/Go-project/ginProject/initialize/redis.go:20
ginProject/core.RunWindowsServer
	E:/Go-project/ginProject/core/server.go:18
main.main
	E:/Go-project/ginProject/main.go:26
runtime.main
	E:/Go/src/runtime/proc.go:225
[I-ADMIN]2021/06/17 - 02:49:10.911	[34minfo[0m	E:/Go-project/ginProject/initialize/router.go:19	swaggeræ³¨å†ŒæˆåŠŸ,swaggeré¡µé¢ä¸ºï¼š/swagger/index.html
ginProject/initialize.Router
	E:/Go-project/ginProject/initialize/router.go:19
ginProject/core.RunWindowsServer
	E:/Go-project/ginProject/core/server.go:20
main.main
	E:/Go-project/ginProject/main.go:26
runtime.main
	E:/Go/src/runtime/proc.go:225
[I-ADMIN]2021/06/17 - 02:49:10.911	[34minfo[0m	E:/Go-project/ginProject/initialize/router.go:37	router æ³¨å†ŒæˆåŠŸ
ginProject/initialize.Router
	E:/Go-project/ginProject/initialize/router.go:37
ginProject/core.RunWindowsServer
	E:/Go-project/ginProject/core/server.go:20
main.main
	E:/Go-project/ginProject/main.go:26
runtime.main
	E:/Go/src/runtime/proc.go:225
[I-ADMIN]2021/06/17 - 02:49:10.919	[34minfo[0m	E:/Go-project/ginProject/core/server.go:28	server run success on http://127.0.0.1:8991
ginProject/core.RunWindowsServer
	E:/Go-project/ginProject/core/server.go:28
main.main
	E:/Go-project/ginProject/main.go:26
runtime.main
	E:/Go/src/runtime/proc.go:225
[I-ADMIN]2021/06/17 - 02:49:10.919	[34minfo[0m	E:/Go-project/ginProject/core/server.go:29	swagger page on http://127.0.0.1:8991/swagger/index.html
ginProject/core.RunWindowsServer
	E:/Go-project/ginProject/core/server.go:29
main.main
	E:/Go-project/ginProject/main.go:26
runtime.main
	E:/Go/src/runtime/proc.go:225
[I-ADMIN]2021/06/17 - 14:34:23.424	[34minfo[0m	E:/Go-project/ginProject/initialize/gorm.go:21	mysql è¿æ¥æˆåŠŸ	{"dsn": "root:@tcp(127.0.0.1:3306)/gin?charset=utf8&parseTime=true"}
ginProject/initialize.GormMysql
	E:/Go-project/ginProject/initialize/gorm.go:21
main.main
	E:/Go-project/ginProject/main.go:24
runtime.main
	E:/Go/src/runtime/proc.go:225
[I-ADMIN]2021/06/17 - 14:34:23.426	[34minfo[0m	E:/Go-project/ginProject/initialize/redis.go:20	redis è¿æ¥æˆåŠŸ:	{"redisCfg": {"db":0,"addr":"127.0.0.1:6379","password":""}}
ginProject/initialize.Redis
	E:/Go-project/ginProject/initialize/redis.go:20
ginProject/core.RunWindowsServer
	E:/Go-project/ginProject/core/server.go:18
main.main
	E:/Go-project/ginProject/main.go:26
runtime.main
	E:/Go/src/runtime/proc.go:225
[I-ADMIN]2021/06/17 - 14:34:23.426	[34minfo[0m	E:/Go-project/ginProject/initialize/router.go:19	swaggeræ³¨å†ŒæˆåŠŸ,swaggeré¡µé¢ä¸ºï¼š/swagger/index.html
ginProject/initialize.Router
	E:/Go-project/ginProject/initialize/router.go:19
ginProject/core.RunWindowsServer
	E:/Go-project/ginProject/core/server.go:20
main.main
	E:/Go-project/ginProject/main.go:26
runtime.main
	E:/Go/src/runtime/proc.go:225
[I-ADMIN]2021/06/17 - 14:34:23.426	[34minfo[0m	E:/Go-project/ginProject/initialize/router.go:37	router æ³¨å†ŒæˆåŠŸ
ginProject/initialize.Router
	E:/Go-project/ginProject/initialize/router.go:37
ginProject/core.RunWindowsServer
	E:/Go-project/ginProject/core/server.go:20
main.main
	E:/Go-project/ginProject/main.go:26
runtime.main
	E:/Go/src/runtime/proc.go:225
[I-ADMIN]2021/06/17 - 14:34:23.430	[34minfo[0m	E:/Go-project/ginProject/core/server.go:28	server run success on http://127.0.0.1:8991
ginProject/core.RunWindowsServer
	E:/Go-project/ginProject/core/server.go:28
main.main
	E:/Go-project/ginProject/main.go:26
runtime.main
	E:/Go/src/runtime/proc.go:225
[I-ADMIN]2021/06/17 - 14:34:23.430	[34minfo[0m	E:/Go-project/ginProject/core/server.go:29	swagger page on http://127.0.0.1:8991/swagger/index.html
ginProject/core.RunWindowsServer
	E:/Go-project/ginProject/core/server.go:29
main.main
	E:/Go-project/ginProject/main.go:26
runtime.main
	E:/Go/src/runtime/proc.go:225
[I-ADMIN]2021/06/17 - 14:35:29.579	[34minfo[0m	E:/Go-project/ginProject/initialize/gorm.go:21	mysql è¿æ¥æˆåŠŸ	{"dsn": "root:@tcp(127.0.0.1:3306)/gin?charset=utf8&parseTime=true"}
[I-ADMIN]2021/06/17 - 14:35:29.582	[34minfo[0m	E:/Go-project/ginProject/initialize/redis.go:20	redis è¿æ¥æˆåŠŸ:	{"redisCfg": {"db":0,"addr":"127.0.0.1:6379","password":""}}
[I-ADMIN]2021/06/17 - 14:35:29.582	[34minfo[0m	E:/Go-project/ginProject/initialize/router.go:19	swaggeræ³¨å†ŒæˆåŠŸ,swaggeré¡µé¢ä¸ºï¼š/swagger/index.html
[I-ADMIN]2021/06/17 - 14:35:29.582	[34minfo[0m	E:/Go-project/ginProject/initialize/router.go:37	router æ³¨å†ŒæˆåŠŸ
[I-ADMIN]2021/06/17 - 14:35:29.589	[34minfo[0m	E:/Go-project/ginProject/core/server.go:28	server run success on http://127.0.0.1:8991
[I-ADMIN]2021/06/17 - 14:35:29.589	[34minfo[0m	E:/Go-project/ginProject/core/server.go:29	swagger page on http://127.0.0.1:8991/swagger/index.html
[I-ADMIN]2021/06/17 - 14:47:58.565	[34minfo[0m	E:/Go-project/ginProject/initialize/gorm.go:21	mysql è¿æ¥æˆåŠŸ	{"dsn": "root:@tcp(127.0.0.1:3306)/gin?charset=utf8&parseTime=true"}
[I-ADMIN]2021/06/17 - 14:47:58.567	[34minfo[0m	E:/Go-project/ginProject/initialize/redis.go:20	redis è¿æ¥æˆåŠŸ:	{"redisCfg": {"db":0,"addr":"127.0.0.1:6379","password":""}}
[I-ADMIN]2021/06/17 - 14:47:58.567	[34minfo[0m	E:/Go-project/ginProject/initialize/router.go:19	swaggeræ³¨å†ŒæˆåŠŸ,swaggeré¡µé¢ä¸ºï¼š/swagger/index.html
[I-ADMIN]2021/06/17 - 14:47:58.567	[34minfo[0m	E:/Go-project/ginProject/initialize/router.go:37	router æ³¨å†ŒæˆåŠŸ
[I-ADMIN]2021/06/17 - 14:47:58.570	[34minfo[0m	E:/Go-project/ginProject/core/server.go:28	server run success on http://127.0.0.1:8991
[I-ADMIN]2021/06/17 - 14:47:58.570	[34minfo[0m	E:/Go-project/ginProject/core/server.go:29	swagger page on http://127.0.0.1:8991/swagger/index.html
[I-ADMIN]2021/06/17 - 14:52:39.378	[34minfo[0m	E:/Go-project/ginProject/initialize/gorm.go:21	mysql è¿æ¥æˆåŠŸ	{"dsn": "root:@tcp(127.0.0.1:3306)/gin?charset=utf8&parseTime=true"}
[I-ADMIN]2021/06/17 - 14:52:39.379	[34minfo[0m	E:/Go-project/ginProject/initialize/redis.go:20	redis è¿æ¥æˆåŠŸ:	{"redisCfg": {"db":0,"addr":"127.0.0.1:6379","password":""}}
[I-ADMIN]2021/06/17 - 14:52:39.379	[34minfo[0m	E:/Go-project/ginProject/initialize/router.go:19	swaggeræ³¨å†ŒæˆåŠŸ,swaggeré¡µé¢ä¸ºï¼š/swagger/index.html
[I-ADMIN]2021/06/17 - 14:52:39.379	[34minfo[0m	E:/Go-project/ginProject/initialize/router.go:37	router æ³¨å†ŒæˆåŠŸ
[I-ADMIN]2021/06/17 - 14:52:39.384	[34minfo[0m	E:/Go-project/ginProject/core/server.go:28	server run success on http://127.0.0.1:8991
[I-ADMIN]2021/06/17 - 14:52:39.384	[34minfo[0m	E:/Go-project/ginProject/core/server.go:29	swagger page on http://127.0.0.1:8991/swagger/index.html
[I-ADMIN]2021/06/17 - 14:55:27.776	[34minfo[0m	E:/Go-project/ginProject/initialize/gorm.go:21	mysql è¿æ¥æˆåŠŸ	{"dsn": "root:@tcp(127.0.0.1:3306)/gin?charset=utf8&parseTime=true"}
[I-ADMIN]2021/06/17 - 14:55:27.777	[34minfo[0m	E:/Go-project/ginProject/initialize/redis.go:20	redis è¿æ¥æˆåŠŸ:	{"redisCfg": {"db":0,"addr":"127.0.0.1:6379","password":""}}
[I-ADMIN]2021/06/17 - 14:55:27.778	[34minfo[0m	E:/Go-project/ginProject/initialize/router.go:19	swaggeræ³¨å†ŒæˆåŠŸ,swaggeré¡µé¢ä¸ºï¼š/swagger/index.html
[I-ADMIN]2021/06/17 - 14:55:27.778	[34minfo[0m	E:/Go-project/ginProject/initialize/router.go:37	router æ³¨å†ŒæˆåŠŸ
[I-ADMIN]2021/06/17 - 14:55:27.782	[34minfo[0m	E:/Go-project/ginProject/core/server.go:28	server run success on http://127.0.0.1:8991
[I-ADMIN]2021/06/17 - 14:55:27.782	[34minfo[0m	E:/Go-project/ginProject/core/server.go:29	swagger page on http://127.0.0.1:8991/swagger/index.html
[I-ADMIN]2021/06/17 - 15:16:02.050	[34minfo[0m	E:/Go-project/ginProject/initialize/gorm.go:21	mysql è¿æ¥æˆåŠŸ	{"dsn": "root:@tcp(127.0.0.1:3306)/gin?charset=utf8&parseTime=true"}
[I-ADMIN]2021/06/17 - 15:16:02.051	[34minfo[0m	E:/Go-project/ginProject/initialize/redis.go:20	redis è¿æ¥æˆåŠŸ:	{"redisCfg": {"db":0,"addr":"127.0.0.1:6379","password":""}}
[I-ADMIN]2021/06/17 - 15:16:02.052	[34minfo[0m	E:/Go-project/ginProject/initialize/router.go:19	swaggeræ³¨å†ŒæˆåŠŸ,swaggeré¡µé¢ä¸ºï¼š/swagger/index.html
[I-ADMIN]2021/06/17 - 15:16:02.052	[34minfo[0m	E:/Go-project/ginProject/initialize/router.go:37	router æ³¨å†ŒæˆåŠŸ
[I-ADMIN]2021/06/17 - 15:16:02.060	[34minfo[0m	E:/Go-project/ginProject/core/server.go:28	server run success on http://127.0.0.1:8991
[I-ADMIN]2021/06/17 - 15:16:02.060	[34minfo[0m	E:/Go-project/ginProject/core/server.go:29	swagger page on http://127.0.0.1:8991/swagger/index.html
[I-ADMIN]2021/06/17 - 15:55:33.640	[34minfo[0m	E:/Go-project/ginProject/initialize/gorm.go:21	mysql è¿æ¥æˆåŠŸ	{"dsn": "root:@tcp(127.0.0.1:3306)/gin?charset=utf8&parseTime=true"}
[I-ADMIN]2021/06/17 - 15:55:33.641	[34minfo[0m	E:/Go-project/ginProject/initialize/redis.go:20	redis è¿æ¥æˆåŠŸ:	{"redisCfg": {"db":0,"addr":"127.0.0.1:6379","password":""}}
[I-ADMIN]2021/06/17 - 15:55:33.641	[34minfo[0m	E:/Go-project/ginProject/initialize/router.go:19	swaggeræ³¨å†ŒæˆåŠŸ,swaggeré¡µé¢ä¸ºï¼š/swagger/index.html
[I-ADMIN]2021/06/17 - 15:55:33.641	[34minfo[0m	E:/Go-project/ginProject/initialize/router.go:37	router æ³¨å†ŒæˆåŠŸ
[I-ADMIN]2021/06/17 - 15:55:33.647	[34minfo[0m	E:/Go-project/ginProject/core/server.go:28	server run success on http://127.0.0.1:8991
[I-ADMIN]2021/06/17 - 15:55:33.647	[34minfo[0m	E:/Go-project/ginProject/core/server.go:29	swagger page on http://127.0.0.1:8991/swagger/index.html
[I-ADMIN]2021/06/17 - 15:55:37.205	[34minfo[0m	E:/Go-project/ginProject/initialize/gorm.go:21	mysql è¿æ¥æˆåŠŸ	{"dsn": "root:@tcp(127.0.0.1:3306)/gin?charset=utf8&parseTime=true"}
[I-ADMIN]2021/06/17 - 15:55:37.206	[34minfo[0m	E:/Go-project/ginProject/initialize/redis.go:20	redis è¿æ¥æˆåŠŸ:	{"redisCfg": {"db":0,"addr":"127.0.0.1:6379","password":""}}
[I-ADMIN]2021/06/17 - 15:55:37.207	[34minfo[0m	E:/Go-project/ginProject/initialize/router.go:19	swaggeræ³¨å†ŒæˆåŠŸ,swaggeré¡µé¢ä¸ºï¼š/swagger/index.html
[I-ADMIN]2021/06/17 - 15:55:37.207	[34minfo[0m	E:/Go-project/ginProject/initialize/router.go:37	router æ³¨å†ŒæˆåŠŸ
[I-ADMIN]2021/06/17 - 15:55:37.222	[34minfo[0m	E:/Go-project/ginProject/core/server.go:28	server run success on http://127.0.0.1:8991
[I-ADMIN]2021/06/17 - 15:55:37.222	[34minfo[0m	E:/Go-project/ginProject/core/server.go:29	swagger page on http://127.0.0.1:8991/swagger/index.html
[I-ADMIN]2021/06/17 - 16:03:52.499	[34minfo[0m	E:/Go-project/ginProject/initialize/gorm.go:21	mysql è¿æ¥æˆåŠŸ	{"dsn": "root:@tcp(127.0.0.1:3306)/gin?charset=utf8&parseTime=true"}
[I-ADMIN]2021/06/17 - 16:03:52.500	[34minfo[0m	E:/Go-project/ginProject/initialize/redis.go:20	redis è¿æ¥æˆåŠŸ:	{"redisCfg": {"db":0,"addr":"127.0.0.1:6379","password":""}}
[I-ADMIN]2021/06/17 - 16:03:52.500	[34minfo[0m	E:/Go-project/ginProject/initialize/router.go:19	swaggeræ³¨å†ŒæˆåŠŸ,swaggeré¡µé¢ä¸ºï¼š/swagger/index.html
[I-ADMIN]2021/06/17 - 16:03:52.501	[34minfo[0m	E:/Go-project/ginProject/initialize/router.go:37	router æ³¨å†ŒæˆåŠŸ
[I-ADMIN]2021/06/17 - 16:03:52.512	[34minfo[0m	E:/Go-project/ginProject/core/server.go:28	server run success on http://127.0.0.1:8991
[I-ADMIN]2021/06/17 - 16:03:52.512	[34minfo[0m	E:/Go-project/ginProject/core/server.go:29	swagger page on http://127.0.0.1:8991/swagger/index.html
[I-ADMIN]2021/06/17 - 17:15:37.014	[34minfo[0m	E:/Go-project/ginProject/initialize/gorm.go:21	mysql è¿æ¥æˆåŠŸ	{"dsn": "root:@tcp(127.0.0.1:3306)/gin?charset=utf8&parseTime=true"}
[I-ADMIN]2021/06/17 - 17:15:37.016	[34minfo[0m	E:/Go-project/ginProject/initialize/redis.go:20	redis è¿æ¥æˆåŠŸ:	{"redisCfg": {"db":0,"addr":"127.0.0.1:6379","password":""}}
[I-ADMIN]2021/06/17 - 17:15:37.016	[34minfo[0m	E:/Go-project/ginProject/initialize/router.go:19	swaggeræ³¨å†ŒæˆåŠŸ,swaggeré¡µé¢ä¸ºï¼š/swagger/index.html
[I-ADMIN]2021/06/17 - 17:15:37.016	[34minfo[0m	E:/Go-project/ginProject/initialize/router.go:37	router æ³¨å†ŒæˆåŠŸ
[I-ADMIN]2021/06/17 - 17:15:37.016	[34minfo[0m	E:/Go-project/ginProject/core/server.go:28	server run success on http://127.0.0.1:8991
[I-ADMIN]2021/06/17 - 17:15:37.016	[34minfo[0m	E:/Go-project/ginProject/core/server.go:29	swagger page on http://127.0.0.1:8991/swagger/index.html
[I-ADMIN]2021/06/17 - 17:52:00.372	[34minfo[0m	E:/Go-project/ginProject/initialize/gorm.go:21	mysql è¿æ¥æˆåŠŸ	{"dsn": "root:@tcp(127.0.0.1:3306)/gin?charset=utf8&parseTime=true"}
[I-ADMIN]2021/06/17 - 17:52:00.374	[34minfo[0m	E:/Go-project/ginProject/initialize/redis.go:20	redis è¿æ¥æˆåŠŸ:	{"redisCfg": {"db":0,"addr":"127.0.0.1:6379","password":""}}
[I-ADMIN]2021/06/17 - 17:52:00.374	[34minfo[0m	E:/Go-project/ginProject/initialize/router.go:19	swaggeræ³¨å†ŒæˆåŠŸ,swaggeré¡µé¢ä¸ºï¼š/swagger/index.html
[I-ADMIN]2021/06/17 - 17:52:00.374	[34minfo[0m	E:/Go-project/ginProject/initialize/router.go:37	router æ³¨å†ŒæˆåŠŸ
[I-ADMIN]2021/06/17 - 17:52:00.378	[34minfo[0m	E:/Go-project/ginProject/core/server.go:28	server run success on http://127.0.0.1:8991
[I-ADMIN]2021/06/17 - 17:52:00.378	[34minfo[0m	E:/Go-project/ginProject/core/server.go:29	swagger page on http://127.0.0.1:8991/swagger/index.html
[I-ADMIN]2021/06/17 - 17:52:05.828	[34minfo[0m	E:/Go-project/ginProject/initialize/gorm.go:21	mysql è¿æ¥æˆåŠŸ	{"dsn": "root:@tcp(127.0.0.1:3306)/gin?charset=utf8&parseTime=true"}
[I-ADMIN]2021/06/17 - 17:52:05.829	[34minfo[0m	E:/Go-project/ginProject/initialize/redis.go:20	redis è¿æ¥æˆåŠŸ:	{"redisCfg": {"db":0,"addr":"127.0.0.1:6379","password":""}}
[I-ADMIN]2021/06/17 - 17:52:05.830	[34minfo[0m	E:/Go-project/ginProject/initialize/router.go:19	swaggeræ³¨å†ŒæˆåŠŸ,swaggeré¡µé¢ä¸ºï¼š/swagger/index.html
[I-ADMIN]2021/06/17 - 17:52:05.830	[34minfo[0m	E:/Go-project/ginProject/initialize/router.go:37	router æ³¨å†ŒæˆåŠŸ
[I-ADMIN]2021/06/17 - 17:52:05.840	[34minfo[0m	E:/Go-project/ginProject/core/server.go:28	server run success on http://127.0.0.1:8991
[I-ADMIN]2021/06/17 - 17:52:05.840	[34minfo[0m	E:/Go-project/ginProject/core/server.go:29	swagger page on http://127.0.0.1:8991/swagger/index.html
[I-ADMIN]2021/06/17 - 18:22:55.731	[34minfo[0m	E:/Go-project/ginProject/initialize/gorm.go:21	mysql è¿æ¥æˆåŠŸ	{"dsn": "root:@tcp(127.0.0.1:3306)/gin?charset=utf8&parseTime=true"}
[I-ADMIN]2021/06/17 - 18:22:55.732	[34minfo[0m	E:/Go-project/ginProject/initialize/redis.go:20	redis è¿æ¥æˆåŠŸ:	{"redisCfg": {"db":0,"addr":"127.0.0.1:6379","password":""}}
[I-ADMIN]2021/06/17 - 18:22:55.732	[34minfo[0m	E:/Go-project/ginProject/initialize/router.go:19	swaggeræ³¨å†ŒæˆåŠŸ,swaggeré¡µé¢ä¸ºï¼š/swagger/index.html
[I-ADMIN]2021/06/17 - 18:22:55.732	[34minfo[0m	E:/Go-project/ginProject/initialize/router.go:37	router æ³¨å†ŒæˆåŠŸ
[I-ADMIN]2021/06/17 - 18:22:55.747	[34minfo[0m	E:/Go-project/ginProject/core/server.go:28	server run success on http://127.0.0.1:8991
[I-ADMIN]2021/06/17 - 18:22:55.747	[34minfo[0m	E:/Go-project/ginProject/core/server.go:29	swagger page on http://127.0.0.1:8991/swagger/index.html
[I-ADMIN]2021/06/17 - 18:24:32.303	[34minfo[0m	E:/Go-project/ginProject/initialize/gorm.go:21	mysql è¿æ¥æˆåŠŸ	{"dsn": "root:@tcp(127.0.0.1:3306)/gin?charset=utf8&parseTime=true"}
[I-ADMIN]2021/06/17 - 18:24:32.304	[34minfo[0m	E:/Go-project/ginProject/initialize/redis.go:20	redis è¿æ¥æˆåŠŸ:	{"redisCfg": {"db":0,"addr":"127.0.0.1:6379","password":""}}
[I-ADMIN]2021/06/17 - 18:24:32.304	[34minfo[0m	E:/Go-project/ginProject/initialize/router.go:19	swaggeræ³¨å†ŒæˆåŠŸ,swaggeré¡µé¢ä¸ºï¼š/swagger/index.html
[I-ADMIN]2021/06/17 - 18:24:32.304	[34minfo[0m	E:/Go-project/ginProject/initialize/router.go:37	router æ³¨å†ŒæˆåŠŸ
[I-ADMIN]2021/06/17 - 18:24:32.320	[34minfo[0m	E:/Go-project/ginProject/core/server.go:28	server run success on http://127.0.0.1:8991
[I-ADMIN]2021/06/17 - 18:24:32.320	[34minfo[0m	E:/Go-project/ginProject/core/server.go:29	swagger page on http://127.0.0.1:8991/swagger/index.html
[I-ADMIN]2021/06/17 - 18:29:10.621	[34minfo[0m	E:/Go-project/ginProject/initialize/gorm.go:21	mysql è¿æ¥æˆåŠŸ	{"dsn": "root:@tcp(127.0.0.1:3306)/gin?charset=utf8&parseTime=true"}
[I-ADMIN]2021/06/17 - 18:29:10.622	[34minfo[0m	E:/Go-project/ginProject/initialize/redis.go:20	redis è¿æ¥æˆåŠŸ:	{"redisCfg": {"db":0,"addr":"127.0.0.1:6379","password":""}}
[I-ADMIN]2021/06/17 - 18:29:10.623	[34minfo[0m	E:/Go-project/ginProject/initialize/router.go:19	swaggeræ³¨å†ŒæˆåŠŸ,swaggeré¡µé¢ä¸ºï¼š/swagger/index.html
[I-ADMIN]2021/06/17 - 18:29:10.623	[34minfo[0m	E:/Go-project/ginProject/initialize/router.go:37	router æ³¨å†ŒæˆåŠŸ
[I-ADMIN]2021/06/17 - 18:29:10.634	[34minfo[0m	E:/Go-project/ginProject/core/server.go:28	server run success on http://127.0.0.1:8991
[I-ADMIN]2021/06/17 - 18:29:10.634	[34minfo[0m	E:/Go-project/ginProject/core/server.go:29	swagger page on http://127.0.0.1:8991/swagger/index.html
[I-ADMIN]2021/06/17 - 18:30:00.936	[34minfo[0m	E:/Go-project/ginProject/initialize/gorm.go:21	mysql è¿æ¥æˆåŠŸ	{"dsn": "root:@tcp(127.0.0.1:3306)/gin?charset=utf8&parseTime=true"}
[I-ADMIN]2021/06/17 - 18:30:00.937	[34minfo[0m	E:/Go-project/ginProject/initialize/redis.go:20	redis è¿æ¥æˆåŠŸ:	{"redisCfg": {"db":0,"addr":"127.0.0.1:6379","password":""}}
[I-ADMIN]2021/06/17 - 18:30:00.937	[34minfo[0m	E:/Go-project/ginProject/initialize/router.go:19	swaggeræ³¨å†ŒæˆåŠŸ,swaggeré¡µé¢ä¸ºï¼š/swagger/index.html
[I-ADMIN]2021/06/17 - 18:30:00.937	[34minfo[0m	E:/Go-project/ginProject/initialize/router.go:37	router æ³¨å†ŒæˆåŠŸ
[I-ADMIN]2021/06/17 - 18:30:00.953	[34minfo[0m	E:/Go-project/ginProject/core/server.go:28	server run success on http://127.0.0.1:8991
[I-ADMIN]2021/06/17 - 18:30:00.953	[34minfo[0m	E:/Go-project/ginProject/core/server.go:29	swagger page on http://127.0.0.1:8991/swagger/index.html
[I-ADMIN]2021/06/17 - 18:30:13.961	[34minfo[0m	E:/Go-project/ginProject/initialize/gorm.go:21	mysql è¿æ¥æˆåŠŸ	{"dsn": "root:@tcp(127.0.0.1:3306)/gin?charset=utf8&parseTime=true"}
[I-ADMIN]2021/06/17 - 18:30:13.962	[34minfo[0m	E:/Go-project/ginProject/initialize/redis.go:20	redis è¿æ¥æˆåŠŸ:	{"redisCfg": {"db":0,"addr":"127.0.0.1:6379","password":""}}
[I-ADMIN]2021/06/17 - 18:30:13.963	[34minfo[0m	E:/Go-project/ginProject/initialize/router.go:19	swaggeræ³¨å†ŒæˆåŠŸ,swaggeré¡µé¢ä¸ºï¼š/swagger/index.html
[I-ADMIN]2021/06/17 - 18:30:13.963	[34minfo[0m	E:/Go-project/ginProject/initialize/router.go:37	router æ³¨å†ŒæˆåŠŸ
[I-ADMIN]2021/06/17 - 18:30:13.976	[34minfo[0m	E:/Go-project/ginProject/core/server.go:28	server run success on http://127.0.0.1:8991
[I-ADMIN]2021/06/17 - 18:30:13.976	[34minfo[0m	E:/Go-project/ginProject/core/server.go:29	swagger page on http://127.0.0.1:8991/swagger/index.html
[I-ADMIN]2021/06/17 - 18:31:58.806	[34minfo[0m	E:/Go-project/ginProject/initialize/gorm.go:21	mysql è¿æ¥æˆåŠŸ	{"dsn": "root:@tcp(127.0.0.1:3306)/gin?charset=utf8&parseTime=true"}
[I-ADMIN]2021/06/17 - 18:31:58.807	[34minfo[0m	E:/Go-project/ginProject/initialize/redis.go:20	redis è¿æ¥æˆåŠŸ:	{"redisCfg": {"db":0,"addr":"127.0.0.1:6379","password":""}}
[I-ADMIN]2021/06/17 - 18:31:58.807	[34minfo[0m	E:/Go-project/ginProject/initialize/router.go:19	swaggeræ³¨å†ŒæˆåŠŸ,swaggeré¡µé¢ä¸ºï¼š/swagger/index.html
[I-ADMIN]2021/06/17 - 18:31:58.807	[34minfo[0m	E:/Go-project/ginProject/initialize/router.go:37	router æ³¨å†ŒæˆåŠŸ
[I-ADMIN]2021/06/17 - 18:31:58.820	[34minfo[0m	E:/Go-project/ginProject/core/server.go:28	server run success on http://127.0.0.1:8991
[I-ADMIN]2021/06/17 - 18:31:58.820	[34minfo[0m	E:/Go-project/ginProject/core/server.go:29	swagger page on http://127.0.0.1:8991/swagger/index.html
[I-ADMIN]2021/06/17 - 18:33:41.467	[34minfo[0m	E:/Go-project/ginProject/initialize/gorm.go:21	mysql è¿æ¥æˆåŠŸ	{"dsn": "root:@tcp(127.0.0.1:3306)/gin?charset=utf8&parseTime=true"}
[I-ADMIN]2021/06/17 - 18:33:41.473	[34minfo[0m	E:/Go-project/ginProject/initialize/redis.go:20	redis è¿æ¥æˆåŠŸ:	{"redisCfg": {"db":0,"addr":"127.0.0.1:6379","password":""}}
[I-ADMIN]2021/06/17 - 18:33:41.473	[34minfo[0m	E:/Go-project/ginProject/initialize/router.go:19	swaggeræ³¨å†ŒæˆåŠŸ,swaggeré¡µé¢ä¸ºï¼š/swagger/index.html
[I-ADMIN]2021/06/17 - 18:33:41.473	[34minfo[0m	E:/Go-project/ginProject/initialize/router.go:37	router æ³¨å†ŒæˆåŠŸ
[I-ADMIN]2021/06/17 - 18:33:41.488	[34minfo[0m	E:/Go-project/ginProject/core/server.go:28	server run success on http://127.0.0.1:8991
[I-ADMIN]2021/06/17 - 18:33:41.488	[34minfo[0m	E:/Go-project/ginProject/core/server.go:29	swagger page on http://127.0.0.1:8991/swagger/index.html
[I-ADMIN]2021/06/17 - 22:02:44.374	[34minfo[0m	E:/Go-project/ginProject/initialize/gorm.go:21	mysql è¿æ¥æˆåŠŸ	{"dsn": "root:@tcp(127.0.0.1:3306)/gin?charset=utf8&parseTime=true"}
[I-ADMIN]2021/06/17 - 22:02:44.375	[34minfo[0m	E:/Go-project/ginProject/initialize/redis.go:20	redis è¿æ¥æˆåŠŸ:	{"redisCfg": {"db":0,"addr":"127.0.0.1:6379","password":""}}
[I-ADMIN]2021/06/17 - 22:02:44.375	[34minfo[0m	E:/Go-project/ginProject/initialize/router.go:19	swaggeræ³¨å†ŒæˆåŠŸ,swaggeré¡µé¢ä¸ºï¼š/swagger/index.html
[I-ADMIN]2021/06/17 - 22:02:44.375	[34minfo[0m	E:/Go-project/ginProject/initialize/router.go:37	router æ³¨å†ŒæˆåŠŸ
[I-ADMIN]2021/06/17 - 22:02:44.391	[34minfo[0m	E:/Go-project/ginProject/core/server.go:28	server run success on http://127.0.0.1:8991
[I-ADMIN]2021/06/17 - 22:02:44.391	[34minfo[0m	E:/Go-project/ginProject/core/server.go:29	swagger page on http://127.0.0.1:8991/swagger/index.html
[I-ADMIN]2021/06/17 - 22:06:10.980	[34minfo[0m	E:/Go-project/ginProject/initialize/gorm.go:21	mysql è¿æ¥æˆåŠŸ	{"dsn": "root:@tcp(127.0.0.1:3306)/gin?charset=utf8&parseTime=true"}
[I-ADMIN]2021/06/17 - 22:06:10.981	[34minfo[0m	E:/Go-project/ginProject/initialize/redis.go:20	redis è¿æ¥æˆåŠŸ:	{"redisCfg": {"db":0,"addr":"127.0.0.1:6379","password":""}}
[I-ADMIN]2021/06/17 - 22:06:10.982	[34minfo[0m	E:/Go-project/ginProject/initialize/router.go:19	swaggeræ³¨å†ŒæˆåŠŸ,swaggeré¡µé¢ä¸ºï¼š/swagger/index.html
[I-ADMIN]2021/06/17 - 22:06:10.982	[34minfo[0m	E:/Go-project/ginProject/initialize/router.go:37	router æ³¨å†ŒæˆåŠŸ
[I-ADMIN]2021/06/17 - 22:06:10.988	[34minfo[0m	E:/Go-project/ginProject/core/server.go:28	server run success on http://127.0.0.1:8991
[I-ADMIN]2021/06/17 - 22:06:10.988	[34minfo[0m	E:/Go-project/ginProject/core/server.go:29	swagger page on http://127.0.0.1:8991/swagger/index.html
[I-ADMIN]2021/06/17 - 22:07:44.014	[31merror[0m	E:/Go-project/ginProject/api/v1/sys_menu.go:105	è·å¾—èœå•å¤±è´¥!	{"err": "Error 1054: Unknown column 'role_id' in 'where clause'"}
[I-ADMIN]2021/06/17 - 22:11:40.325	[34minfo[0m	E:/Go-project/ginProject/initialize/gorm.go:21	mysql è¿æ¥æˆåŠŸ	{"dsn": "root:@tcp(127.0.0.1:3306)/gin?charset=utf8&parseTime=true"}
[I-ADMIN]2021/06/17 - 22:11:40.326	[34minfo[0m	E:/Go-project/ginProject/initialize/redis.go:20	redis è¿æ¥æˆåŠŸ:	{"redisCfg": {"db":0,"addr":"127.0.0.1:6379","password":""}}
[I-ADMIN]2021/06/17 - 22:11:40.326	[34minfo[0m	E:/Go-project/ginProject/initialize/router.go:19	swaggeræ³¨å†ŒæˆåŠŸ,swaggeré¡µé¢ä¸ºï¼š/swagger/index.html
[I-ADMIN]2021/06/17 - 22:11:40.327	[34minfo[0m	E:/Go-project/ginProject/initialize/router.go:37	router æ³¨å†ŒæˆåŠŸ
[I-ADMIN]2021/06/17 - 22:11:40.337	[34minfo[0m	E:/Go-project/ginProject/core/server.go:28	server run success on http://127.0.0.1:8991
[I-ADMIN]2021/06/17 - 22:11:40.337	[34minfo[0m	E:/Go-project/ginProject/core/server.go:29	swagger page on http://127.0.0.1:8991/swagger/index.html
[I-ADMIN]2021/06/17 - 22:12:16.895	[31merror[0m	E:/Go-project/ginProject/api/v1/sys_menu.go:105	è·å¾—èœå•å¤±è´¥!	{"err": "Error 1054: Unknown column 'role_id' in 'where clause'"}
[I-ADMIN]2021/06/17 - 22:14:34.151	[34minfo[0m	E:/Go-project/ginProject/initialize/gorm.go:21	mysql è¿æ¥æˆåŠŸ	{"dsn": "root:@tcp(127.0.0.1:3306)/gin?charset=utf8&parseTime=true"}
[I-ADMIN]2021/06/17 - 22:14:34.152	[34minfo[0m	E:/Go-project/ginProject/initialize/redis.go:20	redis è¿æ¥æˆåŠŸ:	{"redisCfg": {"db":0,"addr":"127.0.0.1:6379","password":""}}
[I-ADMIN]2021/06/17 - 22:14:34.153	[34minfo[0m	E:/Go-project/ginProject/initialize/router.go:19	swaggeræ³¨å†ŒæˆåŠŸ,swaggeré¡µé¢ä¸ºï¼š/swagger/index.html
[I-ADMIN]2021/06/17 - 22:14:34.153	[34minfo[0m	E:/Go-project/ginProject/initialize/router.go:37	router æ³¨å†ŒæˆåŠŸ
[I-ADMIN]2021/06/17 - 22:14:34.156	[34minfo[0m	E:/Go-project/ginProject/core/server.go:28	server run success on http://127.0.0.1:8991
[I-ADMIN]2021/06/17 - 22:14:34.156	[34minfo[0m	E:/Go-project/ginProject/core/server.go:29	swagger page on http://127.0.0.1:8991/swagger/index.html
[I-ADMIN]2021/06/17 - 22:14:38.155	[31merror[0m	E:/Go-project/ginProject/api/v1/sys_menu.go:105	è·å¾—èœå•å¤±è´¥!	{"err": "Error 1054: Unknown column 'sys_role_id' in 'where clause'"}
[I-ADMIN]2021/06/17 - 22:16:57.449	[34minfo[0m	E:/Go-project/ginProject/initialize/gorm.go:21	mysql è¿æ¥æˆåŠŸ	{"dsn": "root:@tcp(127.0.0.1:3306)/gin?charset=utf8&parseTime=true"}
[I-ADMIN]2021/06/17 - 22:16:57.451	[34minfo[0m	E:/Go-project/ginProject/initialize/redis.go:20	redis è¿æ¥æˆåŠŸ:	{"redisCfg": {"db":0,"addr":"127.0.0.1:6379","password":""}}
[I-ADMIN]2021/06/17 - 22:16:57.451	[34minfo[0m	E:/Go-project/ginProject/initialize/router.go:19	swaggeræ³¨å†ŒæˆåŠŸ,swaggeré¡µé¢ä¸ºï¼š/swagger/index.html
[I-ADMIN]2021/06/17 - 22:16:57.451	[34minfo[0m	E:/Go-project/ginProject/initialize/router.go:37	router æ³¨å†ŒæˆåŠŸ
[I-ADMIN]2021/06/17 - 22:16:57.457	[34minfo[0m	E:/Go-project/ginProject/core/server.go:28	server run success on http://127.0.0.1:8991
[I-ADMIN]2021/06/17 - 22:16:57.457	[34minfo[0m	E:/Go-project/ginProject/core/server.go:29	swagger page on http://127.0.0.1:8991/swagger/index.html
[I-ADMIN]2021/06/17 - 22:19:15.400	[34minfo[0m	E:/Go-project/ginProject/initialize/gorm.go:21	mysql è¿æ¥æˆåŠŸ	{"dsn": "root:@tcp(127.0.0.1:3306)/gin?charset=utf8&parseTime=true"}
[I-ADMIN]2021/06/17 - 22:19:15.401	[34minfo[0m	E:/Go-project/ginProject/initialize/redis.go:20	redis è¿æ¥æˆåŠŸ:	{"redisCfg": {"db":0,"addr":"127.0.0.1:6379","password":""}}
[I-ADMIN]2021/06/17 - 22:19:15.401	[34minfo[0m	E:/Go-project/ginProject/initialize/router.go:19	swaggeræ³¨å†ŒæˆåŠŸ,swaggeré¡µé¢ä¸ºï¼š/swagger/index.html
[I-ADMIN]2021/06/17 - 22:19:15.402	[34minfo[0m	E:/Go-project/ginProject/initialize/router.go:37	router æ³¨å†ŒæˆåŠŸ
[I-ADMIN]2021/06/17 - 22:19:15.409	[34minfo[0m	E:/Go-project/ginProject/core/server.go:28	server run success on http://127.0.0.1:8991
[I-ADMIN]2021/06/17 - 22:19:15.409	[34minfo[0m	E:/Go-project/ginProject/core/server.go:29	swagger page on http://127.0.0.1:8991/swagger/index.html
[I-ADMIN]2021/06/17 - 22:19:56.239	[34minfo[0m	E:/Go-project/ginProject/initialize/gorm.go:21	mysql è¿æ¥æˆåŠŸ	{"dsn": "root:@tcp(127.0.0.1:3306)/gin?charset=utf8&parseTime=true"}
[I-ADMIN]2021/06/17 - 22:19:56.240	[34minfo[0m	E:/Go-project/ginProject/initialize/redis.go:20	redis è¿æ¥æˆåŠŸ:	{"redisCfg": {"db":0,"addr":"127.0.0.1:6379","password":""}}
[I-ADMIN]2021/06/17 - 22:19:56.240	[34minfo[0m	E:/Go-project/ginProject/initialize/router.go:19	swaggeræ³¨å†ŒæˆåŠŸ,swaggeré¡µé¢ä¸ºï¼š/swagger/index.html
[I-ADMIN]2021/06/17 - 22:19:56.240	[34minfo[0m	E:/Go-project/ginProject/initialize/router.go:37	router æ³¨å†ŒæˆåŠŸ
[I-ADMIN]2021/06/17 - 22:19:56.244	[34minfo[0m	E:/Go-project/ginProject/core/server.go:28	server run success on http://127.0.0.1:8991
[I-ADMIN]2021/06/17 - 22:19:56.244	[34minfo[0m	E:/Go-project/ginProject/core/server.go:29	swagger page on http://127.0.0.1:8991/swagger/index.html
[I-ADMIN]2021/06/17 - 22:20:21.020	[31merror[0m	E:/Go-project/ginProject/api/v1/sys_menu.go:105	è·å¾—èœå•å¤±è´¥!	{"err": "Error 1054: Unknown column 'sys_role_id' in 'where clause'"}
[I-ADMIN]2021/06/17 - 22:23:42.426	[34minfo[0m	E:/Go-project/ginProject/initialize/gorm.go:21	mysql è¿æ¥æˆåŠŸ	{"dsn": "root:@tcp(127.0.0.1:3306)/gin?charset=utf8&parseTime=true"}
[I-ADMIN]2021/06/17 - 22:23:42.427	[34minfo[0m	E:/Go-project/ginProject/initialize/redis.go:20	redis è¿æ¥æˆåŠŸ:	{"redisCfg": {"db":0,"addr":"127.0.0.1:6379","password":""}}
[I-ADMIN]2021/06/17 - 22:23:42.427	[34minfo[0m	E:/Go-project/ginProject/initialize/router.go:19	swaggeræ³¨å†ŒæˆåŠŸ,swaggeré¡µé¢ä¸ºï¼š/swagger/index.html
[I-ADMIN]2021/06/17 - 22:23:42.427	[34minfo[0m	E:/Go-project/ginProject/initialize/router.go:37	router æ³¨å†ŒæˆåŠŸ
[I-ADMIN]2021/06/17 - 22:23:42.433	[34minfo[0m	E:/Go-project/ginProject/core/server.go:28	server run success on http://127.0.0.1:8991
[I-ADMIN]2021/06/17 - 22:23:42.433	[34minfo[0m	E:/Go-project/ginProject/core/server.go:29	swagger page on http://127.0.0.1:8991/swagger/index.html
[I-ADMIN]2021/06/17 - 22:23:59.970	[31merror[0m	E:/Go-project/ginProject/api/v1/sys_menu.go:105	è·å¾—èœå•å¤±è´¥!	{"err": "Error 1054: Unknown column 'sys_role_id' in 'where clause'"}
[I-ADMIN]2021/06/17 - 22:29:00.940	[34minfo[0m	E:/Go-project/ginProject/initialize/gorm.go:21	mysql è¿æ¥æˆåŠŸ	{"dsn": "root:@tcp(127.0.0.1:3306)/gin?charset=utf8&parseTime=true"}
[I-ADMIN]2021/06/17 - 22:29:00.941	[34minfo[0m	E:/Go-project/ginProject/initialize/redis.go:20	redis è¿æ¥æˆåŠŸ:	{"redisCfg": {"db":0,"addr":"127.0.0.1:6379","password":""}}
[I-ADMIN]2021/06/17 - 22:29:00.942	[34minfo[0m	E:/Go-project/ginProject/initialize/router.go:19	swaggeræ³¨å†ŒæˆåŠŸ,swaggeré¡µé¢ä¸ºï¼š/swagger/index.html
[I-ADMIN]2021/06/17 - 22:29:00.942	[34minfo[0m	E:/Go-project/ginProject/initialize/router.go:37	router æ³¨å†ŒæˆåŠŸ
[I-ADMIN]2021/06/17 - 22:29:00.955	[34minfo[0m	E:/Go-project/ginProject/core/server.go:28	server run success on http://127.0.0.1:8991
[I-ADMIN]2021/06/17 - 22:29:00.955	[34minfo[0m	E:/Go-project/ginProject/core/server.go:29	swagger page on http://127.0.0.1:8991/swagger/index.html
[I-ADMIN]2021/06/17 - 22:29:06.434	[31merror[0m	E:/Go-project/ginProject/api/v1/sys_menu.go:105	è·å¾—èœå•å¤±è´¥!	{"err": "Error 1054: Unknown column 'sys_role_menu.deleted_at' in 'where clause'"}
[I-ADMIN]2021/06/17 - 22:29:39.824	[34minfo[0m	E:/Go-project/ginProject/initialize/gorm.go:21	mysql è¿æ¥æˆåŠŸ	{"dsn": "root:@tcp(127.0.0.1:3306)/gin?charset=utf8&parseTime=true"}
[I-ADMIN]2021/06/17 - 22:29:39.825	[34minfo[0m	E:/Go-project/ginProject/initialize/redis.go:20	redis è¿æ¥æˆåŠŸ:	{"redisCfg": {"db":0,"addr":"127.0.0.1:6379","password":""}}
[I-ADMIN]2021/06/17 - 22:29:39.825	[34minfo[0m	E:/Go-project/ginProject/initialize/router.go:19	swaggeræ³¨å†ŒæˆåŠŸ,swaggeré¡µé¢ä¸ºï¼š/swagger/index.html
[I-ADMIN]2021/06/17 - 22:29:39.825	[34minfo[0m	E:/Go-project/ginProject/initialize/router.go:37	router æ³¨å†ŒæˆåŠŸ
[I-ADMIN]2021/06/17 - 22:29:39.829	[34minfo[0m	E:/Go-project/ginProject/core/server.go:28	server run success on http://127.0.0.1:8991
[I-ADMIN]2021/06/17 - 22:29:39.829	[34minfo[0m	E:/Go-project/ginProject/core/server.go:29	swagger page on http://127.0.0.1:8991/swagger/index.html
[I-ADMIN]2021/06/17 - 22:29:58.018	[34minfo[0m	E:/Go-project/ginProject/initialize/gorm.go:21	mysql è¿æ¥æˆåŠŸ	{"dsn": "root:@tcp(127.0.0.1:3306)/gin?charset=utf8&parseTime=true"}
[I-ADMIN]2021/06/17 - 22:29:58.019	[34minfo[0m	E:/Go-project/ginProject/initialize/redis.go:20	redis è¿æ¥æˆåŠŸ:	{"redisCfg": {"db":0,"addr":"127.0.0.1:6379","password":""}}
[I-ADMIN]2021/06/17 - 22:29:58.020	[34minfo[0m	E:/Go-project/ginProject/initialize/router.go:19	swaggeræ³¨å†ŒæˆåŠŸ,swaggeré¡µé¢ä¸ºï¼š/swagger/index.html
[I-ADMIN]2021/06/17 - 22:29:58.020	[34minfo[0m	E:/Go-project/ginProject/initialize/router.go:37	router æ³¨å†ŒæˆåŠŸ
[I-ADMIN]2021/06/17 - 22:29:58.030	[34minfo[0m	E:/Go-project/ginProject/core/server.go:28	server run success on http://127.0.0.1:8991
[I-ADMIN]2021/06/17 - 22:29:58.030	[34minfo[0m	E:/Go-project/ginProject/core/server.go:29	swagger page on http://127.0.0.1:8991/swagger/index.html
[I-ADMIN]2021/06/17 - 22:31:59.204	[34minfo[0m	E:/Go-project/ginProject/initialize/gorm.go:21	mysql è¿æ¥æˆåŠŸ	{"dsn": "root:@tcp(127.0.0.1:3306)/gin?charset=utf8&parseTime=true"}
[I-ADMIN]2021/06/17 - 22:31:59.205	[34minfo[0m	E:/Go-project/ginProject/initialize/redis.go:20	redis è¿æ¥æˆåŠŸ:	{"redisCfg": {"db":0,"addr":"127.0.0.1:6379","password":""}}
[I-ADMIN]2021/06/17 - 22:31:59.206	[34minfo[0m	E:/Go-project/ginProject/initialize/router.go:19	swaggeræ³¨å†ŒæˆåŠŸ,swaggeré¡µé¢ä¸ºï¼š/swagger/index.html
[I-ADMIN]2021/06/17 - 22:31:59.206	[34minfo[0m	E:/Go-project/ginProject/initialize/router.go:37	router æ³¨å†ŒæˆåŠŸ
[I-ADMIN]2021/06/17 - 22:31:59.218	[34minfo[0m	E:/Go-project/ginProject/core/server.go:28	server run success on http://127.0.0.1:8991
[I-ADMIN]2021/06/17 - 22:31:59.218	[34minfo[0m	E:/Go-project/ginProject/core/server.go:29	swagger page on http://127.0.0.1:8991/swagger/index.html
[I-ADMIN]2021/06/17 - 22:32:04.069	[31merror[0m	E:/Go-project/ginProject/api/v1/sys_menu.go:105	è·å¾—èœå•å¤±è´¥!	{"err": "Children: unsupported relations for schema SysRoleMenu"}
[I-ADMIN]2021/06/17 - 22:34:07.488	[34minfo[0m	E:/Go-project/ginProject/initialize/gorm.go:21	mysql è¿æ¥æˆåŠŸ	{"dsn": "root:@tcp(127.0.0.1:3306)/gin?charset=utf8&parseTime=true"}
[I-ADMIN]2021/06/17 - 22:34:07.489	[34minfo[0m	E:/Go-project/ginProject/initialize/redis.go:20	redis è¿æ¥æˆåŠŸ:	{"redisCfg": {"db":0,"addr":"127.0.0.1:6379","password":""}}
[I-ADMIN]2021/06/17 - 22:34:07.490	[34minfo[0m	E:/Go-project/ginProject/initialize/router.go:19	swaggeræ³¨å†ŒæˆåŠŸ,swaggeré¡µé¢ä¸ºï¼š/swagger/index.html
[I-ADMIN]2021/06/17 - 22:34:07.490	[34minfo[0m	E:/Go-project/ginProject/initialize/router.go:37	router æ³¨å†ŒæˆåŠŸ
[I-ADMIN]2021/06/17 - 22:34:07.492	[34minfo[0m	E:/Go-project/ginProject/core/server.go:28	server run success on http://127.0.0.1:8991
[I-ADMIN]2021/06/17 - 22:34:07.492	[34minfo[0m	E:/Go-project/ginProject/core/server.go:29	swagger page on http://127.0.0.1:8991/swagger/index.html
[I-ADMIN]2021/06/17 - 22:37:31.009	[34minfo[0m	E:/Go-project/ginProject/initialize/gorm.go:21	mysql è¿æ¥æˆåŠŸ	{"dsn": "root:@tcp(127.0.0.1:3306)/gin?charset=utf8&parseTime=true"}
[I-ADMIN]2021/06/17 - 22:37:31.010	[34minfo[0m	E:/Go-project/ginProject/initialize/redis.go:20	redis è¿æ¥æˆåŠŸ:	{"redisCfg": {"db":0,"addr":"127.0.0.1:6379","password":""}}
[I-ADMIN]2021/06/17 - 22:37:31.010	[34minfo[0m	E:/Go-project/ginProject/initialize/router.go:19	swaggeræ³¨å†ŒæˆåŠŸ,swaggeré¡µé¢ä¸ºï¼š/swagger/index.html
[I-ADMIN]2021/06/17 - 22:37:31.010	[34minfo[0m	E:/Go-project/ginProject/initialize/router.go:37	router æ³¨å†ŒæˆåŠŸ
[I-ADMIN]2021/06/17 - 22:37:31.023	[34minfo[0m	E:/Go-project/ginProject/core/server.go:28	server run success on http://127.0.0.1:8991
[I-ADMIN]2021/06/17 - 22:37:31.023	[34minfo[0m	E:/Go-project/ginProject/core/server.go:29	swagger page on http://127.0.0.1:8991/swagger/index.html
[I-ADMIN]2021/06/17 - 22:38:21.932	[34minfo[0m	E:/Go-project/ginProject/initialize/gorm.go:21	mysql è¿æ¥æˆåŠŸ	{"dsn": "root:@tcp(127.0.0.1:3306)/gin?charset=utf8&parseTime=true"}
[I-ADMIN]2021/06/17 - 22:38:21.933	[34minfo[0m	E:/Go-project/ginProject/initialize/redis.go:20	redis è¿æ¥æˆåŠŸ:	{"redisCfg": {"db":0,"addr":"127.0.0.1:6379","password":""}}
[I-ADMIN]2021/06/17 - 22:38:21.933	[34minfo[0m	E:/Go-project/ginProject/initialize/router.go:19	swaggeræ³¨å†ŒæˆåŠŸ,swaggeré¡µé¢ä¸ºï¼š/swagger/index.html
[I-ADMIN]2021/06/17 - 22:38:21.933	[34minfo[0m	E:/Go-project/ginProject/initialize/router.go:37	router æ³¨å†ŒæˆåŠŸ
[I-ADMIN]2021/06/17 - 22:38:21.939	[34minfo[0m	E:/Go-project/ginProject/core/server.go:28	server run success on http://127.0.0.1:8991
[I-ADMIN]2021/06/17 - 22:38:21.939	[34minfo[0m	E:/Go-project/ginProject/core/server.go:29	swagger page on http://127.0.0.1:8991/swagger/index.html
[I-ADMIN]2021/06/17 - 22:38:24.336	[31merror[0m	E:/Go-project/ginProject/api/v1/sys_menu.go:105	è·å¾—èœå•å¤±è´¥!	{"err": "Menus: unsupported relations for schema SysRoleMenu"}
[I-ADMIN]2021/06/17 - 22:39:35.394	[34minfo[0m	E:/Go-project/ginProject/initialize/gorm.go:21	mysql è¿æ¥æˆåŠŸ	{"dsn": "root:@tcp(127.0.0.1:3306)/gin?charset=utf8&parseTime=true"}
[I-ADMIN]2021/06/17 - 22:39:35.395	[34minfo[0m	E:/Go-project/ginProject/initialize/redis.go:20	redis è¿æ¥æˆåŠŸ:	{"redisCfg": {"db":0,"addr":"127.0.0.1:6379","password":""}}
[I-ADMIN]2021/06/17 - 22:39:35.395	[34minfo[0m	E:/Go-project/ginProject/initialize/router.go:19	swaggeræ³¨å†ŒæˆåŠŸ,swaggeré¡µé¢ä¸ºï¼š/swagger/index.html
[I-ADMIN]2021/06/17 - 22:39:35.395	[34minfo[0m	E:/Go-project/ginProject/initialize/router.go:37	router æ³¨å†ŒæˆåŠŸ
[I-ADMIN]2021/06/17 - 22:39:35.397	[34minfo[0m	E:/Go-project/ginProject/core/server.go:28	server run success on http://127.0.0.1:8991
[I-ADMIN]2021/06/17 - 22:39:35.397	[34minfo[0m	E:/Go-project/ginProject/core/server.go:29	swagger page on http://127.0.0.1:8991/swagger/index.html
[I-ADMIN]2021/06/17 - 22:40:22.307	[34minfo[0m	E:/Go-project/ginProject/initialize/gorm.go:21	mysql è¿æ¥æˆåŠŸ	{"dsn": "root:@tcp(127.0.0.1:3306)/gin?charset=utf8&parseTime=true"}
[I-ADMIN]2021/06/17 - 22:40:22.308	[34minfo[0m	E:/Go-project/ginProject/initialize/redis.go:20	redis è¿æ¥æˆåŠŸ:	{"redisCfg": {"db":0,"addr":"127.0.0.1:6379","password":""}}
[I-ADMIN]2021/06/17 - 22:40:22.309	[34minfo[0m	E:/Go-project/ginProject/initialize/router.go:19	swaggeræ³¨å†ŒæˆåŠŸ,swaggeré¡µé¢ä¸ºï¼š/swagger/index.html
[I-ADMIN]2021/06/17 - 22:40:22.309	[34minfo[0m	E:/Go-project/ginProject/initialize/router.go:37	router æ³¨å†ŒæˆåŠŸ
[I-ADMIN]2021/06/17 - 22:40:22.311	[34minfo[0m	E:/Go-project/ginProject/core/server.go:28	server run success on http://127.0.0.1:8991
[I-ADMIN]2021/06/17 - 22:40:22.311	[34minfo[0m	E:/Go-project/ginProject/core/server.go:29	swagger page on http://127.0.0.1:8991/swagger/index.html
[I-ADMIN]2021/06/17 - 22:44:44.381	[34minfo[0m	E:/Go-project/ginProject/initialize/gorm.go:21	mysql è¿æ¥æˆåŠŸ	{"dsn": "root:@tcp(127.0.0.1:3306)/gin?charset=utf8&parseTime=true"}
[I-ADMIN]2021/06/17 - 22:44:44.382	[34minfo[0m	E:/Go-project/ginProject/initialize/redis.go:20	redis è¿æ¥æˆåŠŸ:	{"redisCfg": {"db":0,"addr":"127.0.0.1:6379","password":""}}
[I-ADMIN]2021/06/17 - 22:44:44.383	[34minfo[0m	E:/Go-project/ginProject/initialize/router.go:19	swaggeræ³¨å†ŒæˆåŠŸ,swaggeré¡µé¢ä¸ºï¼š/swagger/index.html
[I-ADMIN]2021/06/17 - 22:44:44.383	[34minfo[0m	E:/Go-project/ginProject/initialize/router.go:37	router æ³¨å†ŒæˆåŠŸ
[I-ADMIN]2021/06/17 - 22:44:44.387	[34minfo[0m	E:/Go-project/ginProject/core/server.go:28	server run success on http://127.0.0.1:8991
[I-ADMIN]2021/06/17 - 22:44:44.387	[34minfo[0m	E:/Go-project/ginProject/core/server.go:29	swagger page on http://127.0.0.1:8991/swagger/index.html
[I-ADMIN]2021/06/17 - 23:01:15.230	[34minfo[0m	E:/Go-project/ginProject/initialize/gorm.go:21	mysql è¿æ¥æˆåŠŸ	{"dsn": "root:@tcp(127.0.0.1:3306)/gin?charset=utf8&parseTime=true"}
[I-ADMIN]2021/06/17 - 23:01:15.231	[34minfo[0m	E:/Go-project/ginProject/initialize/redis.go:20	redis è¿æ¥æˆåŠŸ:	{"redisCfg": {"db":0,"addr":"127.0.0.1:6379","password":""}}
[I-ADMIN]2021/06/17 - 23:01:15.232	[34minfo[0m	E:/Go-project/ginProject/initialize/router.go:19	swaggeræ³¨å†ŒæˆåŠŸ,swaggeré¡µé¢ä¸ºï¼š/swagger/index.html
[I-ADMIN]2021/06/17 - 23:01:15.232	[34minfo[0m	E:/Go-project/ginProject/initialize/router.go:37	router æ³¨å†ŒæˆåŠŸ
[I-ADMIN]2021/06/17 - 23:01:15.247	[34minfo[0m	E:/Go-project/ginProject/core/server.go:28	server run success on http://127.0.0.1:8991
[I-ADMIN]2021/06/17 - 23:01:15.247	[34minfo[0m	E:/Go-project/ginProject/core/server.go:29	swagger page on http://127.0.0.1:8991/swagger/index.html
[I-ADMIN]2021/06/17 - 23:04:11.676	[34minfo[0m	E:/Go-project/ginProject/initialize/gorm.go:21	mysql è¿æ¥æˆåŠŸ	{"dsn": "root:@tcp(127.0.0.1:3306)/gin?charset=utf8&parseTime=true"}
[I-ADMIN]2021/06/17 - 23:04:11.678	[34minfo[0m	E:/Go-project/ginProject/initialize/redis.go:20	redis è¿æ¥æˆåŠŸ:	{"redisCfg": {"db":0,"addr":"127.0.0.1:6379","password":""}}
[I-ADMIN]2021/06/17 - 23:04:11.678	[34minfo[0m	E:/Go-project/ginProject/initialize/router.go:19	swaggeræ³¨å†ŒæˆåŠŸ,swaggeré¡µé¢ä¸ºï¼š/swagger/index.html
[I-ADMIN]2021/06/17 - 23:04:11.678	[34minfo[0m	E:/Go-project/ginProject/initialize/router.go:37	router æ³¨å†ŒæˆåŠŸ
[I-ADMIN]2021/06/17 - 23:04:11.682	[34minfo[0m	E:/Go-project/ginProject/core/server.go:28	server run success on http://127.0.0.1:8991
[I-ADMIN]2021/06/17 - 23:04:11.682	[34minfo[0m	E:/Go-project/ginProject/core/server.go:29	swagger page on http://127.0.0.1:8991/swagger/index.html
[I-ADMIN]2021/06/17 - 23:06:14.570	[34minfo[0m	E:/Go-project/ginProject/initialize/gorm.go:21	mysql è¿æ¥æˆåŠŸ	{"dsn": "root:@tcp(127.0.0.1:3306)/gin?charset=utf8&parseTime=true"}
[I-ADMIN]2021/06/17 - 23:06:14.571	[34minfo[0m	E:/Go-project/ginProject/initialize/redis.go:20	redis è¿æ¥æˆåŠŸ:	{"redisCfg": {"db":0,"addr":"127.0.0.1:6379","password":""}}
[I-ADMIN]2021/06/17 - 23:06:14.571	[34minfo[0m	E:/Go-project/ginProject/initialize/router.go:19	swaggeræ³¨å†ŒæˆåŠŸ,swaggeré¡µé¢ä¸ºï¼š/swagger/index.html
[I-ADMIN]2021/06/17 - 23:06:14.571	[34minfo[0m	E:/Go-project/ginProject/initialize/router.go:37	router æ³¨å†ŒæˆåŠŸ
[I-ADMIN]2021/06/17 - 23:06:14.573	[34minfo[0m	E:/Go-project/ginProject/core/server.go:28	server run success on http://127.0.0.1:8991
[I-ADMIN]2021/06/17 - 23:06:14.573	[34minfo[0m	E:/Go-project/ginProject/core/server.go:29	swagger page on http://127.0.0.1:8991/swagger/index.html
[I-ADMIN]2021/06/17 - 23:13:13.175	[34minfo[0m	E:/Go-project/ginProject/initialize/gorm.go:21	mysql è¿æ¥æˆåŠŸ	{"dsn": "root:@tcp(127.0.0.1:3306)/gin?charset=utf8&parseTime=true"}
[I-ADMIN]2021/06/17 - 23:13:13.176	[34minfo[0m	E:/Go-project/ginProject/initialize/redis.go:20	redis è¿æ¥æˆåŠŸ:	{"redisCfg": {"db":0,"addr":"127.0.0.1:6379","password":""}}
[I-ADMIN]2021/06/17 - 23:13:13.177	[34minfo[0m	E:/Go-project/ginProject/initialize/router.go:19	swaggeræ³¨å†ŒæˆåŠŸ,swaggeré¡µé¢ä¸ºï¼š/swagger/index.html
[I-ADMIN]2021/06/17 - 23:13:13.177	[34minfo[0m	E:/Go-project/ginProject/initialize/router.go:37	router æ³¨å†ŒæˆåŠŸ
[I-ADMIN]2021/06/17 - 23:13:13.188	[34minfo[0m	E:/Go-project/ginProject/core/server.go:28	server run success on http://127.0.0.1:8991
[I-ADMIN]2021/06/17 - 23:13:13.188	[34minfo[0m	E:/Go-project/ginProject/core/server.go:29	swagger page on http://127.0.0.1:8991/swagger/index.html
